This file contains any messages produced by compilers while
running configure, to aid debugging if configure makes a mistake.

It was created by tdbcmysql configure 1.1.5, which was
generated by GNU Autoconf 2.71.  Invocation command line was

  $ /home/karel/.tcl8.6.13/pkgs/tdbcmysql1.1.5/configure --with-tcl=../.. --with-tclinclude=/home/karel/.tcl8.6.13/generic --prefix=/home/karel/.local_tcltk --libdir=/home/karel/.local_tcltk/lib --enable-shared --enable-threads

## --------- ##
## Platform. ##
## --------- ##

hostname = 5decbd7a92aa
uname -m = x86_64
uname -r = 4.4.0-1101-aws
uname -s = Linux
uname -v = #112-Ubuntu SMP Thu Jan 9 11:27:02 UTC 2020

/usr/bin/uname -p = x86_64
/bin/uname -X     = unknown

/bin/arch              = x86_64
/usr/bin/arch -k       = unknown
/usr/convex/getsysinfo = unknown
/usr/bin/hostinfo      = unknown
/bin/machine           = unknown
/usr/bin/oslevel       = unknown
/bin/universe          = unknown

PATH: /home/karel/.pyvenv311/bin/
PATH: /home/karel/.pyenv/shims/
PATH: /home/karel/.pyenv/bin/
PATH: /home/karel/.jenv/shims/
PATH: /home/karel/.dotnet/
PATH: /usr/local/jenv/bin/
PATH: /usr/bin/python3.11/
PATH: /usr/local/sbin/
PATH: /usr/local/bin/
PATH: /usr/sbin/
PATH: /usr/bin/
PATH: /sbin/
PATH: /bin/


## ----------- ##
## Core tests. ##
## ----------- ##

configure:2724: checking TEA configuration
configure:2730: result: ok (TEA 3.13)
configure:2816: configuring tdbcmysql 1.1.5
configure:2848: checking system version
configure:2875: result: Linux-4.4.0-1101-aws
configure:2924: checking for Tcl configuration
configure:3057: result: found /home/karel/.tcl8.6.13/unix/tclConfig.sh
configure:3124: checking for gcc
configure:3145: found /usr/bin/gcc
configure:3156: result: gcc
configure:3509: checking for C compiler version
configure:3518: gcc --version >&5
gcc (Ubuntu 11.4.0-1ubuntu1~22.04) 11.4.0
Copyright (C) 2021 Free Software Foundation, Inc.
This is free software; see the source for copying conditions.  There is NO
warranty; not even for MERCHANTABILITY or FITNESS FOR A PARTICULAR PURPOSE.

configure:3529: $? = 0
configure:3518: gcc -v >&5
Using built-in specs.
COLLECT_GCC=gcc
COLLECT_LTO_WRAPPER=/usr/lib/gcc/x86_64-linux-gnu/11/lto-wrapper
OFFLOAD_TARGET_NAMES=nvptx-none:amdgcn-amdhsa
OFFLOAD_TARGET_DEFAULT=1
Target: x86_64-linux-gnu
Configured with: ../src/configure -v --with-pkgversion='Ubuntu 11.4.0-1ubuntu1~22.04' --with-bugurl=file:///usr/share/doc/gcc-11/README.Bugs --enable-languages=c,ada,c++,go,brig,d,fortran,objc,obj-c++,m2 --prefix=/usr --with-gcc-major-version-only --program-suffix=-11 --program-prefix=x86_64-linux-gnu- --enable-shared --enable-linker-build-id --libexecdir=/usr/lib --without-included-gettext --enable-threads=posix --libdir=/usr/lib --enable-nls --enable-bootstrap --enable-clocale=gnu --enable-libstdcxx-debug --enable-libstdcxx-time=yes --with-default-libstdcxx-abi=new --enable-gnu-unique-object --disable-vtable-verify --enable-plugin --enable-default-pie --with-system-zlib --enable-libphobos-checking=release --with-target-system-zlib=auto --enable-objc-gc=auto --enable-multiarch --disable-werror --enable-cet --with-arch-32=i686 --with-abi=m64 --with-multilib-list=m32,m64,mx32 --enable-multilib --with-tune=generic --enable-offload-targets=nvptx-none=/build/gcc-11-XeT9lY/gcc-11-11.4.0/debian/tmp-nvptx/usr,amdgcn-amdhsa=/build/gcc-11-XeT9lY/gcc-11-11.4.0/debian/tmp-gcn/usr --without-cuda-driver --enable-checking=release --build=x86_64-linux-gnu --host=x86_64-linux-gnu --target=x86_64-linux-gnu --with-build-config=bootstrap-lto-lean --enable-link-serialization=2
Thread model: posix
Supported LTO compression algorithms: zlib zstd
gcc version 11.4.0 (Ubuntu 11.4.0-1ubuntu1~22.04) 
... rest of stderr output deleted ...
configure:3529: $? = 0
configure:3518: gcc -V >&5
gcc: error: unrecognized command-line option '-V'
gcc: fatal error: no input files
compilation terminated.
configure:3529: $? = 1
configure:3518: gcc -qversion >&5
gcc: error: unrecognized command-line option '-qversion'; did you mean '--version'?
gcc: fatal error: no input files
compilation terminated.
configure:3529: $? = 1
configure:3518: gcc -version >&5
gcc: error: unrecognized command-line option '-version'
gcc: fatal error: no input files
compilation terminated.
configure:3529: $? = 1
configure:3549: checking whether the C compiler works
configure:3571: gcc    conftest.c  >&5
configure:3575: $? = 0
configure:3625: result: yes
configure:3628: checking for C compiler default output file name
configure:3630: result: a.out
configure:3636: checking for suffix of executables
configure:3643: gcc -o conftest    conftest.c  >&5
configure:3647: $? = 0
configure:3670: result: 
configure:3692: checking whether we are cross compiling
configure:3700: gcc -o conftest    conftest.c  >&5
configure:3704: $? = 0
configure:3711: ./conftest
configure:3715: $? = 0
configure:3730: result: no
configure:3735: checking for suffix of object files
configure:3758: gcc -c   conftest.c >&5
configure:3762: $? = 0
configure:3784: result: o
configure:3788: checking whether the compiler supports GNU C
configure:3808: gcc -c   conftest.c >&5
configure:3808: $? = 0
configure:3818: result: yes
configure:3829: checking whether gcc accepts -g
configure:3850: gcc -c -g  conftest.c >&5
configure:3850: $? = 0
configure:3894: result: yes
configure:3914: checking for gcc option to enable C11 features
configure:3929: gcc  -c   conftest.c >&5
configure:3929: $? = 0
configure:3947: result: none needed
configure:4059: checking for existence of /home/karel/.tcl8.6.13/unix/tclConfig.sh
configure:4063: result: loading
configure:4117: checking platform
configure:4135: gcc -c   conftest.c >&5
configure:4135: $? = 0
configure:4192: result: unix
configure:4257: checking for tdbc configuration
configure:4346: result: found /home/karel/.tcl8.6.13/unix/pkgs/tdbc1.1.5/tdbcConfig.sh
configure:4352: checking for existence of /home/karel/.tcl8.6.13/unix/pkgs/tdbc1.1.5/tdbcConfig.sh
configure:4356: result: loading
configure:4374: WARNING: Found Makefile - using build library specs for tdbc
configure:4447: checking For tdbc_STUB library for LIBS
configure:4480: result: using tdbc_STUB_LIB_SPEC -L/home/karel/.tcl8.6.13/unix/pkgs/tdbc1.1.5 -ltdbcstub1.1.5
configure:4493: WARNING: Looking for "/home/karel/.tcl8.6.13/unix/pkgs/tdbc1.1.5/Makefile"
configure:4496: WARNING: Found Makefile - using build include spec and lib specs for tdbc
configure:4528: --exec-prefix defaulting to TCL_EXEC_PREFIX /home/karel/.local_tcltk
configure:4603: checking for gcc
configure:4635: result: gcc
configure:4988: checking for C compiler version
configure:4997: gcc --version >&5
gcc (Ubuntu 11.4.0-1ubuntu1~22.04) 11.4.0
Copyright (C) 2021 Free Software Foundation, Inc.
This is free software; see the source for copying conditions.  There is NO
warranty; not even for MERCHANTABILITY or FITNESS FOR A PARTICULAR PURPOSE.

configure:5008: $? = 0
configure:4997: gcc -v >&5
Using built-in specs.
COLLECT_GCC=gcc
COLLECT_LTO_WRAPPER=/usr/lib/gcc/x86_64-linux-gnu/11/lto-wrapper
OFFLOAD_TARGET_NAMES=nvptx-none:amdgcn-amdhsa
OFFLOAD_TARGET_DEFAULT=1
Target: x86_64-linux-gnu
Configured with: ../src/configure -v --with-pkgversion='Ubuntu 11.4.0-1ubuntu1~22.04' --with-bugurl=file:///usr/share/doc/gcc-11/README.Bugs --enable-languages=c,ada,c++,go,brig,d,fortran,objc,obj-c++,m2 --prefix=/usr --with-gcc-major-version-only --program-suffix=-11 --program-prefix=x86_64-linux-gnu- --enable-shared --enable-linker-build-id --libexecdir=/usr/lib --without-included-gettext --enable-threads=posix --libdir=/usr/lib --enable-nls --enable-bootstrap --enable-clocale=gnu --enable-libstdcxx-debug --enable-libstdcxx-time=yes --with-default-libstdcxx-abi=new --enable-gnu-unique-object --disable-vtable-verify --enable-plugin --enable-default-pie --with-system-zlib --enable-libphobos-checking=release --with-target-system-zlib=auto --enable-objc-gc=auto --enable-multiarch --disable-werror --enable-cet --with-arch-32=i686 --with-abi=m64 --with-multilib-list=m32,m64,mx32 --enable-multilib --with-tune=generic --enable-offload-targets=nvptx-none=/build/gcc-11-XeT9lY/gcc-11-11.4.0/debian/tmp-nvptx/usr,amdgcn-amdhsa=/build/gcc-11-XeT9lY/gcc-11-11.4.0/debian/tmp-gcn/usr --without-cuda-driver --enable-checking=release --build=x86_64-linux-gnu --host=x86_64-linux-gnu --target=x86_64-linux-gnu --with-build-config=bootstrap-lto-lean --enable-link-serialization=2
Thread model: posix
Supported LTO compression algorithms: zlib zstd
gcc version 11.4.0 (Ubuntu 11.4.0-1ubuntu1~22.04) 
... rest of stderr output deleted ...
configure:5008: $? = 0
configure:4997: gcc -V >&5
gcc: error: unrecognized command-line option '-V'
gcc: fatal error: no input files
compilation terminated.
configure:5008: $? = 1
configure:4997: gcc -qversion >&5
gcc: error: unrecognized command-line option '-qversion'; did you mean '--version'?
gcc: fatal error: no input files
compilation terminated.
configure:5008: $? = 1
configure:4997: gcc -version >&5
gcc: error: unrecognized command-line option '-version'
gcc: fatal error: no input files
compilation terminated.
configure:5008: $? = 1
configure:5012: checking whether the compiler supports GNU C
configure:5042: result: yes
configure:5053: checking whether gcc accepts -g
configure:5118: result: yes
configure:5138: checking for gcc option to enable C11 features
configure:5171: result: none needed
configure:5286: checking how to run the C preprocessor
configure:5312: gcc -E  conftest.c
configure:5312: $? = 0
configure:5327: gcc -E  conftest.c
conftest.c:10:10: fatal error: ac_nonexistent.h: No such file or directory
   10 | #include <ac_nonexistent.h>
      |          ^~~~~~~~~~~~~~~~~~
compilation terminated.
configure:5327: $? = 1
configure: failed program was:
| /* confdefs.h */
| #define PACKAGE_NAME "tdbcmysql"
| #define PACKAGE_TARNAME "tdbcmysql"
| #define PACKAGE_VERSION "1.1.5"
| #define PACKAGE_STRING "tdbcmysql 1.1.5"
| #define PACKAGE_BUGREPORT ""
| #define PACKAGE_URL ""
| #define BUILD_tdbcmysql /**/
| /* end confdefs.h.  */
| #include <ac_nonexistent.h>
configure:5354: result: gcc -E
configure:5368: gcc -E  conftest.c
configure:5368: $? = 0
configure:5383: gcc -E  conftest.c
conftest.c:10:10: fatal error: ac_nonexistent.h: No such file or directory
   10 | #include <ac_nonexistent.h>
      |          ^~~~~~~~~~~~~~~~~~
compilation terminated.
configure:5383: $? = 1
configure: failed program was:
| /* confdefs.h */
| #define PACKAGE_NAME "tdbcmysql"
| #define PACKAGE_TARNAME "tdbcmysql"
| #define PACKAGE_VERSION "1.1.5"
| #define PACKAGE_STRING "tdbcmysql 1.1.5"
| #define PACKAGE_BUGREPORT ""
| #define PACKAGE_URL ""
| #define BUILD_tdbcmysql /**/
| /* end confdefs.h.  */
| #include <ac_nonexistent.h>
configure:5418: checking whether make sets $(MAKE)
configure:5441: result: yes
configure:5503: checking for ranlib
configure:5524: found /usr/bin/ranlib
configure:5535: result: ranlib
configure:5569: checking for stdio.h
configure:5569: gcc -c   conftest.c >&5
configure:5569: $? = 0
configure:5569: result: yes
configure:5569: checking for stdlib.h
configure:5569: gcc -c   conftest.c >&5
configure:5569: $? = 0
configure:5569: result: yes
configure:5569: checking for string.h
configure:5569: gcc -c   conftest.c >&5
configure:5569: $? = 0
configure:5569: result: yes
configure:5569: checking for inttypes.h
configure:5569: gcc -c   conftest.c >&5
configure:5569: $? = 0
configure:5569: result: yes
configure:5569: checking for stdint.h
configure:5569: gcc -c   conftest.c >&5
configure:5569: $? = 0
configure:5569: result: yes
configure:5569: checking for strings.h
configure:5569: gcc -c   conftest.c >&5
configure:5569: $? = 0
configure:5569: result: yes
configure:5569: checking for sys/stat.h
configure:5569: gcc -c   conftest.c >&5
configure:5569: $? = 0
configure:5569: result: yes
configure:5569: checking for sys/types.h
configure:5569: gcc -c   conftest.c >&5
configure:5569: $? = 0
configure:5569: result: yes
configure:5569: checking for unistd.h
configure:5569: gcc -c   conftest.c >&5
configure:5569: $? = 0
configure:5569: result: yes
configure:5604: checking if the compiler understands -pipe
configure:5623: gcc -c  -pipe  conftest.c >&5
configure:5623: $? = 0
configure:5632: result: yes
configure:5643: checking whether byte ordering is bigendian
configure:5659: gcc -c  -pipe  conftest.c >&5
conftest.c:21:16: error: unknown type name 'not'
   21 |                not a universal capable compiler
      |                ^~~
conftest.c:21:22: error: expected '=', ',', ';', 'asm' or '__attribute__' before 'universal'
   21 |                not a universal capable compiler
      |                      ^~~~~~~~~
conftest.c:21:22: error: unknown type name 'universal'
configure:5659: $? = 1
configure: failed program was:
| /* confdefs.h */
| #define PACKAGE_NAME "tdbcmysql"
| #define PACKAGE_TARNAME "tdbcmysql"
| #define PACKAGE_VERSION "1.1.5"
| #define PACKAGE_STRING "tdbcmysql 1.1.5"
| #define PACKAGE_BUGREPORT ""
| #define PACKAGE_URL ""
| #define BUILD_tdbcmysql /**/
| #define HAVE_STDIO_H 1
| #define HAVE_STDLIB_H 1
| #define HAVE_STRING_H 1
| #define HAVE_INTTYPES_H 1
| #define HAVE_STDINT_H 1
| #define HAVE_STRINGS_H 1
| #define HAVE_SYS_STAT_H 1
| #define HAVE_SYS_TYPES_H 1
| #define HAVE_UNISTD_H 1
| #define STDC_HEADERS 1
| /* end confdefs.h.  */
| #ifndef __APPLE_CC__
| 	       not a universal capable compiler
| 	     #endif
| 	     typedef int dummy;
| 
configure:5705: gcc -c  -pipe  conftest.c >&5
configure:5705: $? = 0
configure:5724: gcc -c  -pipe  conftest.c >&5
conftest.c: In function 'main':
conftest.c:27:18: error: unknown type name 'not'; did you mean 'ino_t'?
   27 |                  not big endian
      |                  ^~~
      |                  ino_t
conftest.c:27:26: error: expected '=', ',', ';', 'asm' or '__attribute__' before 'endian'
   27 |                  not big endian
      |                          ^~~~~~
configure:5724: $? = 1
configure: failed program was:
| /* confdefs.h */
| #define PACKAGE_NAME "tdbcmysql"
| #define PACKAGE_TARNAME "tdbcmysql"
| #define PACKAGE_VERSION "1.1.5"
| #define PACKAGE_STRING "tdbcmysql 1.1.5"
| #define PACKAGE_BUGREPORT ""
| #define PACKAGE_URL ""
| #define BUILD_tdbcmysql /**/
| #define HAVE_STDIO_H 1
| #define HAVE_STDLIB_H 1
| #define HAVE_STRING_H 1
| #define HAVE_INTTYPES_H 1
| #define HAVE_STDINT_H 1
| #define HAVE_STRINGS_H 1
| #define HAVE_SYS_STAT_H 1
| #define HAVE_SYS_TYPES_H 1
| #define HAVE_UNISTD_H 1
| #define STDC_HEADERS 1
| /* end confdefs.h.  */
| #include <sys/types.h>
| 		#include <sys/param.h>
| 
| int
| main (void)
| {
| #if BYTE_ORDER != BIG_ENDIAN
| 		 not big endian
| 		#endif
| 
|   ;
|   return 0;
| }
configure:5858: result: no
configure:5882: checking for inline
configure:5899: gcc -c  -pipe  conftest.c >&5
configure:5899: $? = 0
configure:5908: result: inline
configure:5926: checking for long long
configure:5926: gcc -c  -pipe  conftest.c >&5
configure:5926: $? = 0
configure:5926: gcc -c  -pipe  conftest.c >&5
conftest.c: In function 'main':
conftest.c:51:24: error: expected expression before ')' token
   51 | if (sizeof ((long long)))
      |                        ^
configure:5926: $? = 1
configure: failed program was:
| /* confdefs.h */
| #define PACKAGE_NAME "tdbcmysql"
| #define PACKAGE_TARNAME "tdbcmysql"
| #define PACKAGE_VERSION "1.1.5"
| #define PACKAGE_STRING "tdbcmysql 1.1.5"
| #define PACKAGE_BUGREPORT ""
| #define PACKAGE_URL ""
| #define BUILD_tdbcmysql /**/
| #define HAVE_STDIO_H 1
| #define HAVE_STDLIB_H 1
| #define HAVE_STRING_H 1
| #define HAVE_INTTYPES_H 1
| #define HAVE_STDINT_H 1
| #define HAVE_STRINGS_H 1
| #define HAVE_SYS_STAT_H 1
| #define HAVE_SYS_TYPES_H 1
| #define HAVE_UNISTD_H 1
| #define STDC_HEADERS 1
| /* end confdefs.h.  */
| #include <stddef.h>
| #ifdef HAVE_STDIO_H
| # include <stdio.h>
| #endif
| #ifdef HAVE_STDLIB_H
| # include <stdlib.h>
| #endif
| #ifdef HAVE_STRING_H
| # include <string.h>
| #endif
| #ifdef HAVE_INTTYPES_H
| # include <inttypes.h>
| #endif
| #ifdef HAVE_STDINT_H
| # include <stdint.h>
| #endif
| #ifdef HAVE_STRINGS_H
| # include <strings.h>
| #endif
| #ifdef HAVE_SYS_TYPES_H
| # include <sys/types.h>
| #endif
| #ifdef HAVE_SYS_STAT_H
| # include <sys/stat.h>
| #endif
| #ifdef HAVE_UNISTD_H
| # include <unistd.h>
| #endif
| int
| main (void)
| {
| if (sizeof ((long long)))
| 	    return 0;
|   ;
|   return 0;
| }
configure:5926: result: yes
configure:5936: checking size of long long
configure:5942: gcc -o conftest  -pipe   conftest.c  >&5
configure:5942: $? = 0
configure:5942: ./conftest
configure:5942: $? = 0
configure:5957: result: 8
configure:5972: checking size of long
configure:5978: gcc -o conftest  -pipe   conftest.c  >&5
configure:5978: $? = 0
configure:5978: ./conftest
configure:5978: $? = 0
configure:5993: result: 8
configure:6191: checking for Tcl public headers
configure:6264: result: /home/karel/.tcl8.6.13/generic
configure:6326: checking for pthread_mutex_init in -lpthread
configure:6349: gcc -o conftest  -pipe   conftest.c -lpthread   >&5
configure:6349: $? = 0
configure:6359: result: yes
configure:6569: checking for building with threads
configure:6575: result: yes (default)
configure:6604: checking how to build libraries
configure:6640: result: shared
configure:6729: checking for ranlib
configure:6761: result: ranlib
configure:6788: checking if 64bit support is requested
configure:6798: result: no
configure:6803: checking if 64bit Sparc VIS support is requested
configure:6813: result: no
configure:6824: checking if compiler supports visibility "hidden"
configure:6845: gcc -o conftest  -pipe -Werror   conftest.c  >&5
configure:6845: $? = 0
configure:6855: result: yes
configure:6871: checking if rpath support is requested
configure:6881: result: yes
configure:6888: checking system version
configure:6915: result: Linux-4.4.0-1101-aws
configure:7001: checking for ar
configure:7022: found /usr/bin/ar
configure:7033: result: ar
configure:8763: checking for cast to union support
configure:8783: gcc -c  -pipe  conftest.c >&5
configure:8783: $? = 0
configure:8792: result: yes
configure:8800: checking for stdbool.h
configure:8800: gcc -c  -pipe  conftest.c >&5
configure:8800: $? = 0
configure:8800: result: yes
configure:8826: checking for required early compiler flags
configure:8845: gcc -c  -pipe  conftest.c >&5
configure:8845: $? = 0
configure:8895: gcc -c  -pipe  conftest.c >&5
conftest.c: In function 'main':
conftest.c:37:15: error: storage size of 'buf' isn't known
   37 | struct stat64 buf; int i = stat64("/", &buf);
      |               ^~~
conftest.c:37:28: warning: implicit declaration of function 'stat64'; did you mean 'stat'? [-Wimplicit-function-declaration]
   37 | struct stat64 buf; int i = stat64("/", &buf);
      |                            ^~~~~~
      |                            stat
configure:8895: $? = 1
configure: failed program was:
| /* confdefs.h */
| #define PACKAGE_NAME "tdbcmysql"
| #define PACKAGE_TARNAME "tdbcmysql"
| #define PACKAGE_VERSION "1.1.5"
| #define PACKAGE_STRING "tdbcmysql 1.1.5"
| #define PACKAGE_BUGREPORT ""
| #define PACKAGE_URL ""
| #define BUILD_tdbcmysql /**/
| #define HAVE_STDIO_H 1
| #define HAVE_STDLIB_H 1
| #define HAVE_STRING_H 1
| #define HAVE_INTTYPES_H 1
| #define HAVE_STDINT_H 1
| #define HAVE_STRINGS_H 1
| #define HAVE_SYS_STAT_H 1
| #define HAVE_SYS_TYPES_H 1
| #define HAVE_UNISTD_H 1
| #define STDC_HEADERS 1
| #define HAVE_LONG_LONG 1
| #define SIZEOF_LONG_LONG 8
| #define SIZEOF_LONG 8
| #define USE_THREAD_ALLOC 1
| #define _REENTRANT 1
| #define _THREAD_SAFE 1
| #define TCL_THREADS 1
| #define USE_TCL_STUBS 1
| #define USE_TCLOO_STUBS 1
| #define MODULE_SCOPE extern __attribute__((__visibility__("hidden")))
| #define HAVE_HIDDEN 1
| #define HAVE_CAST_TO_UNION 1
| #define HAVE_STDBOOL_H 1
| /* end confdefs.h.  */
| #include <sys/stat.h>
| int
| main (void)
| {
| struct stat64 buf; int i = stat64("/", &buf);
|   ;
|   return 0;
| }
configure:8911: gcc -c  -pipe  conftest.c >&5
configure:8911: $? = 0
configure:8945: gcc -c  -pipe  conftest.c >&5
conftest.c: In function 'main':
conftest.c:38:19: error: 'open64' undeclared (first use in this function)
   38 | char *p = (char *)open64;
      |                   ^~~~~~
conftest.c:38:19: note: each undeclared identifier is reported only once for each function it appears in
configure:8945: $? = 1
configure: failed program was:
| /* confdefs.h */
| #define PACKAGE_NAME "tdbcmysql"
| #define PACKAGE_TARNAME "tdbcmysql"
| #define PACKAGE_VERSION "1.1.5"
| #define PACKAGE_STRING "tdbcmysql 1.1.5"
| #define PACKAGE_BUGREPORT ""
| #define PACKAGE_URL ""
| #define BUILD_tdbcmysql /**/
| #define HAVE_STDIO_H 1
| #define HAVE_STDLIB_H 1
| #define HAVE_STRING_H 1
| #define HAVE_INTTYPES_H 1
| #define HAVE_STDINT_H 1
| #define HAVE_STRINGS_H 1
| #define HAVE_SYS_STAT_H 1
| #define HAVE_SYS_TYPES_H 1
| #define HAVE_UNISTD_H 1
| #define STDC_HEADERS 1
| #define HAVE_LONG_LONG 1
| #define SIZEOF_LONG_LONG 8
| #define SIZEOF_LONG 8
| #define USE_THREAD_ALLOC 1
| #define _REENTRANT 1
| #define _THREAD_SAFE 1
| #define TCL_THREADS 1
| #define USE_TCL_STUBS 1
| #define USE_TCLOO_STUBS 1
| #define MODULE_SCOPE extern __attribute__((__visibility__("hidden")))
| #define HAVE_HIDDEN 1
| #define HAVE_CAST_TO_UNION 1
| #define HAVE_STDBOOL_H 1
| #define _LARGEFILE64_SOURCE 1
| /* end confdefs.h.  */
| #include <sys/stat.h>
| int
| main (void)
| {
| char *p = (char *)open64;
|   ;
|   return 0;
| }
configure:8961: gcc -c  -pipe  conftest.c >&5
conftest.c: In function 'main':
conftest.c:39:19: error: 'open64' undeclared (first use in this function)
   39 | char *p = (char *)open64;
      |                   ^~~~~~
conftest.c:39:19: note: each undeclared identifier is reported only once for each function it appears in
configure:8961: $? = 1
configure: failed program was:
| /* confdefs.h */
| #define PACKAGE_NAME "tdbcmysql"
| #define PACKAGE_TARNAME "tdbcmysql"
| #define PACKAGE_VERSION "1.1.5"
| #define PACKAGE_STRING "tdbcmysql 1.1.5"
| #define PACKAGE_BUGREPORT ""
| #define PACKAGE_URL ""
| #define BUILD_tdbcmysql /**/
| #define HAVE_STDIO_H 1
| #define HAVE_STDLIB_H 1
| #define HAVE_STRING_H 1
| #define HAVE_INTTYPES_H 1
| #define HAVE_STDINT_H 1
| #define HAVE_STRINGS_H 1
| #define HAVE_SYS_STAT_H 1
| #define HAVE_SYS_TYPES_H 1
| #define HAVE_UNISTD_H 1
| #define STDC_HEADERS 1
| #define HAVE_LONG_LONG 1
| #define SIZEOF_LONG_LONG 8
| #define SIZEOF_LONG 8
| #define USE_THREAD_ALLOC 1
| #define _REENTRANT 1
| #define _THREAD_SAFE 1
| #define TCL_THREADS 1
| #define USE_TCL_STUBS 1
| #define USE_TCLOO_STUBS 1
| #define MODULE_SCOPE extern __attribute__((__visibility__("hidden")))
| #define HAVE_HIDDEN 1
| #define HAVE_CAST_TO_UNION 1
| #define HAVE_STDBOOL_H 1
| #define _LARGEFILE64_SOURCE 1
| /* end confdefs.h.  */
| #define _LARGEFILE_SOURCE64 1
| #include <sys/stat.h>
| int
| main (void)
| {
| char *p = (char *)open64;
|   ;
|   return 0;
| }
configure:8983: result:  _LARGEFILE64_SOURCE
configure:8988: checking for 64-bit integer type
configure:9008: gcc -c  -pipe  conftest.c >&5
conftest.c: In function 'main':
conftest.c:38:1: error: unknown type name '__int64'
   38 | __int64 value = (__int64) 0;
      | ^~~~~~~
conftest.c:38:18: error: '__int64' undeclared (first use in this function)
   38 | __int64 value = (__int64) 0;
      |                  ^~~~~~~
conftest.c:38:18: note: each undeclared identifier is reported only once for each function it appears in
conftest.c:38:27: error: expected ',' or ';' before numeric constant
   38 | __int64 value = (__int64) 0;
      |                           ^
configure:9008: $? = 1
configure: failed program was:
| /* confdefs.h */
| #define PACKAGE_NAME "tdbcmysql"
| #define PACKAGE_TARNAME "tdbcmysql"
| #define PACKAGE_VERSION "1.1.5"
| #define PACKAGE_STRING "tdbcmysql 1.1.5"
| #define PACKAGE_BUGREPORT ""
| #define PACKAGE_URL ""
| #define BUILD_tdbcmysql /**/
| #define HAVE_STDIO_H 1
| #define HAVE_STDLIB_H 1
| #define HAVE_STRING_H 1
| #define HAVE_INTTYPES_H 1
| #define HAVE_STDINT_H 1
| #define HAVE_STRINGS_H 1
| #define HAVE_SYS_STAT_H 1
| #define HAVE_SYS_TYPES_H 1
| #define HAVE_UNISTD_H 1
| #define STDC_HEADERS 1
| #define HAVE_LONG_LONG 1
| #define SIZEOF_LONG_LONG 8
| #define SIZEOF_LONG 8
| #define USE_THREAD_ALLOC 1
| #define _REENTRANT 1
| #define _THREAD_SAFE 1
| #define TCL_THREADS 1
| #define USE_TCL_STUBS 1
| #define USE_TCLOO_STUBS 1
| #define MODULE_SCOPE extern __attribute__((__visibility__("hidden")))
| #define HAVE_HIDDEN 1
| #define HAVE_CAST_TO_UNION 1
| #define HAVE_STDBOOL_H 1
| #define _LARGEFILE64_SOURCE 1
| /* end confdefs.h.  */
| 
| int
| main (void)
| {
| __int64 value = (__int64) 0;
|   ;
|   return 0;
| }
configure:9031: gcc -c  -pipe  conftest.c >&5
conftest.c: In function 'main':
conftest.c:39:21: error: duplicate case value
   39 |             case 1: case (sizeof(long long)==sizeof(long)): ;
      |                     ^~~~
conftest.c:39:13: note: previously used here
   39 |             case 1: case (sizeof(long long)==sizeof(long)): ;
      |             ^~~~
configure:9031: $? = 1
configure: failed program was:
| /* confdefs.h */
| #define PACKAGE_NAME "tdbcmysql"
| #define PACKAGE_TARNAME "tdbcmysql"
| #define PACKAGE_VERSION "1.1.5"
| #define PACKAGE_STRING "tdbcmysql 1.1.5"
| #define PACKAGE_BUGREPORT ""
| #define PACKAGE_URL ""
| #define BUILD_tdbcmysql /**/
| #define HAVE_STDIO_H 1
| #define HAVE_STDLIB_H 1
| #define HAVE_STRING_H 1
| #define HAVE_INTTYPES_H 1
| #define HAVE_STDINT_H 1
| #define HAVE_STRINGS_H 1
| #define HAVE_SYS_STAT_H 1
| #define HAVE_SYS_TYPES_H 1
| #define HAVE_UNISTD_H 1
| #define STDC_HEADERS 1
| #define HAVE_LONG_LONG 1
| #define SIZEOF_LONG_LONG 8
| #define SIZEOF_LONG 8
| #define USE_THREAD_ALLOC 1
| #define _REENTRANT 1
| #define _THREAD_SAFE 1
| #define TCL_THREADS 1
| #define USE_TCL_STUBS 1
| #define USE_TCLOO_STUBS 1
| #define MODULE_SCOPE extern __attribute__((__visibility__("hidden")))
| #define HAVE_HIDDEN 1
| #define HAVE_CAST_TO_UNION 1
| #define HAVE_STDBOOL_H 1
| #define _LARGEFILE64_SOURCE 1
| /* end confdefs.h.  */
| 
| int
| main (void)
| {
| switch (0) {
|             case 1: case (sizeof(long long)==sizeof(long)): ;
|         }
|   ;
|   return 0;
| }
configure:9042: result: yes
configure:9227: checking for build with symbols
configure:9240: result: no
configure:9278: checking for intptr_t
configure:9278: gcc -c  -pipe  conftest.c >&5
configure:9278: $? = 0
configure:9278: gcc -c  -pipe  conftest.c >&5
conftest.c: In function 'main':
conftest.c:67:23: error: expected expression before ')' token
   67 | if (sizeof ((intptr_t)))
      |                       ^
configure:9278: $? = 1
configure: failed program was:
| /* confdefs.h */
| #define PACKAGE_NAME "tdbcmysql"
| #define PACKAGE_TARNAME "tdbcmysql"
| #define PACKAGE_VERSION "1.1.5"
| #define PACKAGE_STRING "tdbcmysql 1.1.5"
| #define PACKAGE_BUGREPORT ""
| #define PACKAGE_URL ""
| #define BUILD_tdbcmysql /**/
| #define HAVE_STDIO_H 1
| #define HAVE_STDLIB_H 1
| #define HAVE_STRING_H 1
| #define HAVE_INTTYPES_H 1
| #define HAVE_STDINT_H 1
| #define HAVE_STRINGS_H 1
| #define HAVE_SYS_STAT_H 1
| #define HAVE_SYS_TYPES_H 1
| #define HAVE_UNISTD_H 1
| #define STDC_HEADERS 1
| #define HAVE_LONG_LONG 1
| #define SIZEOF_LONG_LONG 8
| #define SIZEOF_LONG 8
| #define USE_THREAD_ALLOC 1
| #define _REENTRANT 1
| #define _THREAD_SAFE 1
| #define TCL_THREADS 1
| #define USE_TCL_STUBS 1
| #define USE_TCLOO_STUBS 1
| #define MODULE_SCOPE extern __attribute__((__visibility__("hidden")))
| #define HAVE_HIDDEN 1
| #define HAVE_CAST_TO_UNION 1
| #define HAVE_STDBOOL_H 1
| #define _LARGEFILE64_SOURCE 1
| #define TCL_WIDE_INT_IS_LONG 1
| #define TCL_CFG_OPTIMIZED 1
| /* end confdefs.h.  */
| #include <stddef.h>
| #ifdef HAVE_STDIO_H
| # include <stdio.h>
| #endif
| #ifdef HAVE_STDLIB_H
| # include <stdlib.h>
| #endif
| #ifdef HAVE_STRING_H
| # include <string.h>
| #endif
| #ifdef HAVE_INTTYPES_H
| # include <inttypes.h>
| #endif
| #ifdef HAVE_STDINT_H
| # include <stdint.h>
| #endif
| #ifdef HAVE_STRINGS_H
| # include <strings.h>
| #endif
| #ifdef HAVE_SYS_TYPES_H
| # include <sys/types.h>
| #endif
| #ifdef HAVE_SYS_STAT_H
| # include <sys/stat.h>
| #endif
| #ifdef HAVE_UNISTD_H
| # include <unistd.h>
| #endif
| int
| main (void)
| {
| if (sizeof ((intptr_t)))
| 	    return 0;
|   ;
|   return 0;
| }
configure:9278: result: yes
configure:9314: checking for uintptr_t
configure:9314: gcc -c  -pipe  conftest.c >&5
configure:9314: $? = 0
configure:9314: gcc -c  -pipe  conftest.c >&5
conftest.c: In function 'main':
conftest.c:68:24: error: expected expression before ')' token
   68 | if (sizeof ((uintptr_t)))
      |                        ^
configure:9314: $? = 1
configure: failed program was:
| /* confdefs.h */
| #define PACKAGE_NAME "tdbcmysql"
| #define PACKAGE_TARNAME "tdbcmysql"
| #define PACKAGE_VERSION "1.1.5"
| #define PACKAGE_STRING "tdbcmysql 1.1.5"
| #define PACKAGE_BUGREPORT ""
| #define PACKAGE_URL ""
| #define BUILD_tdbcmysql /**/
| #define HAVE_STDIO_H 1
| #define HAVE_STDLIB_H 1
| #define HAVE_STRING_H 1
| #define HAVE_INTTYPES_H 1
| #define HAVE_STDINT_H 1
| #define HAVE_STRINGS_H 1
| #define HAVE_SYS_STAT_H 1
| #define HAVE_SYS_TYPES_H 1
| #define HAVE_UNISTD_H 1
| #define STDC_HEADERS 1
| #define HAVE_LONG_LONG 1
| #define SIZEOF_LONG_LONG 8
| #define SIZEOF_LONG 8
| #define USE_THREAD_ALLOC 1
| #define _REENTRANT 1
| #define _THREAD_SAFE 1
| #define TCL_THREADS 1
| #define USE_TCL_STUBS 1
| #define USE_TCLOO_STUBS 1
| #define MODULE_SCOPE extern __attribute__((__visibility__("hidden")))
| #define HAVE_HIDDEN 1
| #define HAVE_CAST_TO_UNION 1
| #define HAVE_STDBOOL_H 1
| #define _LARGEFILE64_SOURCE 1
| #define TCL_WIDE_INT_IS_LONG 1
| #define TCL_CFG_OPTIMIZED 1
| #define HAVE_INTPTR_T 1
| /* end confdefs.h.  */
| #include <stddef.h>
| #ifdef HAVE_STDIO_H
| # include <stdio.h>
| #endif
| #ifdef HAVE_STDLIB_H
| # include <stdlib.h>
| #endif
| #ifdef HAVE_STRING_H
| # include <string.h>
| #endif
| #ifdef HAVE_INTTYPES_H
| # include <inttypes.h>
| #endif
| #ifdef HAVE_STDINT_H
| # include <stdint.h>
| #endif
| #ifdef HAVE_STRINGS_H
| # include <strings.h>
| #endif
| #ifdef HAVE_SYS_TYPES_H
| # include <sys/types.h>
| #endif
| #ifdef HAVE_SYS_STAT_H
| # include <sys/stat.h>
| #endif
| #ifdef HAVE_UNISTD_H
| # include <unistd.h>
| #endif
| int
| main (void)
| {
| if (sizeof ((uintptr_t)))
| 	    return 0;
|   ;
|   return 0;
| }
configure:9314: result: yes
configure:9358: checking for grep that handles long lines and -e
configure:9422: result: /usr/bin/grep
configure:9427: checking for egrep
configure:9495: result: /usr/bin/grep -E
configure:9631: checking for tclsh
configure:9666: result: /home/karel/.tcl8.6.13/unix/tclsh
configure:9824: creating ./config.status

## ---------------------- ##
## Running config.status. ##
## ---------------------- ##

This file was extended by tdbcmysql config.status 1.1.5, which was
generated by GNU Autoconf 2.71.  Invocation command line was

  CONFIG_FILES    = 
  CONFIG_HEADERS  = 
  CONFIG_LINKS    = 
  CONFIG_COMMANDS = 
  $ ./config.status 

on 5decbd7a92aa

config.status:809: creating Makefile
config.status:809: creating pkgIndex.tcl

## ---------------- ##
## Cache variables. ##
## ---------------- ##

ac_cv_c_bigendian=no
ac_cv_c_compiler_gnu=yes
ac_cv_c_inline=inline
ac_cv_c_tclconfig=/home/karel/.tcl8.6.13/unix
ac_cv_c_tclh=/home/karel/.tcl8.6.13/generic
ac_cv_c_tdbcconfig=/home/karel/.tcl8.6.13/unix/pkgs/tdbc1.1.5
ac_cv_env_CC_set=
ac_cv_env_CC_value=
ac_cv_env_CFLAGS_set=
ac_cv_env_CFLAGS_value=
ac_cv_env_CPPFLAGS_set=
ac_cv_env_CPPFLAGS_value=
ac_cv_env_CPP_set=
ac_cv_env_CPP_value=
ac_cv_env_LDFLAGS_set=
ac_cv_env_LDFLAGS_value=
ac_cv_env_LIBS_set=
ac_cv_env_LIBS_value=
ac_cv_env_build_alias_set=
ac_cv_env_build_alias_value=
ac_cv_env_host_alias_set=
ac_cv_env_host_alias_value=
ac_cv_env_target_alias_set=
ac_cv_env_target_alias_value=
ac_cv_header_inttypes_h=yes
ac_cv_header_stdbool_h=yes
ac_cv_header_stdint_h=yes
ac_cv_header_stdio_h=yes
ac_cv_header_stdlib_h=yes
ac_cv_header_string_h=yes
ac_cv_header_strings_h=yes
ac_cv_header_sys_stat_h=yes
ac_cv_header_sys_types_h=yes
ac_cv_header_unistd_h=yes
ac_cv_lib_pthread_pthread_mutex_init=yes
ac_cv_objext=o
ac_cv_path_EGREP='/usr/bin/grep -E'
ac_cv_path_GREP=/usr/bin/grep
ac_cv_prog_CPP='gcc -E'
ac_cv_prog_ac_ct_AR=ar
ac_cv_prog_ac_ct_CC=gcc
ac_cv_prog_ac_ct_RANLIB=ranlib
ac_cv_prog_cc_c11=
ac_cv_prog_cc_g=yes
ac_cv_prog_cc_stdc=
ac_cv_prog_make_make_set=yes
ac_cv_sizeof_long=8
ac_cv_sizeof_long_long=8
ac_cv_type_intptr_t=yes
ac_cv_type_long_long=yes
ac_cv_type_uintptr_t=yes
tcl_cv_cast_to_union=yes
tcl_cv_cc_pipe=yes
tcl_cv_cc_visibility_hidden=yes
tcl_cv_flag__isoc99_source=no
tcl_cv_flag__largefile64_source=yes
tcl_cv_flag__largefile_source64=no
tcl_cv_sys_version=Linux-4.4.0-1101-aws
tcl_cv_type_64bit=none

## ----------------- ##
## Output variables. ##
## ----------------- ##

AR='ar'
CC='gcc'
CFLAGS=' -pipe ${CFLAGS_DEFAULT} ${CFLAGS_WARNING} ${SHLIB_CFLAGS} '
CFLAGS_DEBUG='-g'
CFLAGS_DEFAULT='-O2 -fomit-frame-pointer -DNDEBUG'
CFLAGS_OPTIMIZE='-O2 -fomit-frame-pointer'
CFLAGS_WARNING='-Wall'
CLEANFILES=''
CPP='gcc -E'
CPPFLAGS=''
CYGPATH='echo'
DEFS='-DPACKAGE_NAME=\"tdbcmysql\" -DPACKAGE_TARNAME=\"tdbcmysql\" -DPACKAGE_VERSION=\"1.1.5\" -DPACKAGE_STRING=\"tdbcmysql\ 1.1.5\" -DPACKAGE_BUGREPORT=\"\" -DPACKAGE_URL=\"\" -DBUILD_tdbcmysql=/\*\*/ -DHAVE_STDIO_H=1 -DHAVE_STDLIB_H=1 -DHAVE_STRING_H=1 -DHAVE_INTTYPES_H=1 -DHAVE_STDINT_H=1 -DHAVE_STRINGS_H=1 -DHAVE_SYS_STAT_H=1 -DHAVE_SYS_TYPES_H=1 -DHAVE_UNISTD_H=1 -DSTDC_HEADERS=1 -DHAVE_LONG_LONG=1 -DSIZEOF_LONG_LONG=8 -DSIZEOF_LONG=8 -DUSE_THREAD_ALLOC=1 -D_REENTRANT=1 -D_THREAD_SAFE=1 -DTCL_THREADS=1 -DUSE_TCL_STUBS=1 -DUSE_TCLOO_STUBS=1 -DMODULE_SCOPE=extern\ __attribute__\(\(__visibility__\(\"hidden\"\)\)\) -DHAVE_HIDDEN=1 -DHAVE_CAST_TO_UNION=1 -DHAVE_STDBOOL_H=1 -D_LARGEFILE64_SOURCE=1 -DTCL_WIDE_INT_IS_LONG=1 -DTCL_CFG_OPTIMIZED=1 -DHAVE_INTPTR_T=1 -DHAVE_UINTPTR_T=1 -DTCL_MAJOR_VERSION=8'
ECHO_C=''
ECHO_N='-n'
ECHO_T=''
EGREP='/usr/bin/grep -E'
EXEEXT=''
GREP='/usr/bin/grep'
INSTALL='$(SHELL) $(srcdir)/tclconfig/install-sh -c'
INSTALL_DATA='${INSTALL} -m 644'
INSTALL_DATA_DIR='${INSTALL} -d -m 755'
INSTALL_LIBRARY='${INSTALL} -m 644'
INSTALL_PROGRAM='${INSTALL} -m 755'
INSTALL_SCRIPT='${INSTALL} -m 755'
LDFLAGS=' -Wl,--export-dynamic '
LDFLAGS_DEBUG=''
LDFLAGS_DEFAULT=''
LDFLAGS_OPTIMIZE=''
LD_LIBRARY_PATH_VAR='LD_LIBRARY_PATH'
LIBOBJS=''
LIBS=''
LTLIBOBJS=''
MAKE_LIB='${SHLIB_LD} ${LDFLAGS} ${LDFLAGS_DEFAULT} -o $@ $(PKG_OBJECTS) ${SHLIB_LD_LIBS} '
MAKE_SHARED_LIB='${SHLIB_LD} ${LDFLAGS} ${LDFLAGS_DEFAULT} -o $@ $(PKG_OBJECTS) ${SHLIB_LD_LIBS}'
MAKE_STATIC_LIB='${STLIB_LD} $@ $(PKG_OBJECTS)'
MAKE_STUB_LIB='${STLIB_LD} $@ $(PKG_STUB_OBJECTS)'
OBJEXT='o'
PACKAGE_BUGREPORT=''
PACKAGE_NAME='tdbcmysql'
PACKAGE_STRING='tdbcmysql 1.1.5'
PACKAGE_TARNAME='tdbcmysql'
PACKAGE_URL=''
PACKAGE_VERSION='1.1.5'
PATH_SEPARATOR=':'
PKG_CFLAGS='  '
PKG_HEADERS=' generic/fakemysql.h generic/mysqlStubs.h'
PKG_INCLUDES=' -I/home/karel/.tcl8.6.13/pkgs/tdbc1.1.5/generic'
PKG_LIBS=' -L/home/karel/.tcl8.6.13/unix/pkgs/tdbc1.1.5 -ltdbcstub1.1.5 -L/home/karel/.tcl8.6.13/unix/pkgs/tdbc1.1.5 -ltdbcstub1.1.5'
PKG_LIB_FILE8='libtdbcmysql1.1.5.so'
PKG_LIB_FILE9='libtcl9tdbcmysql1.1.5.so'
PKG_LIB_FILE='libtdbcmysql1.1.5.so'
PKG_OBJECTS=' tdbcmysql.o mysqlStubInit.o'
PKG_SOURCES=' generic/tdbcmysql.c generic/mysqlStubInit.c'
PKG_STUB_LIB_FILE='libtdbcmysqlstub1.1.5.a'
PKG_STUB_OBJECTS=''
PKG_STUB_SOURCES=''
PKG_TCL_SOURCES=' library/tdbcmysql.tcl'
RANLIB=':'
RANLIB_STUB='ranlib'
RC=''
SET_MAKE=''
SHARED_BUILD='1'
SHELL='/bin/bash'
SHLIB_CFLAGS='-fPIC'
SHLIB_LD='${CC} ${CFLAGS} ${LDFLAGS_DEFAULT} -shared'
SHLIB_LD_LIBS='${LIBS} -L/home/karel/.tcl8.6.13/unix -ltclstub8.6'
STLIB_LD='${AR} cr'
STUBS_BUILD='1'
TCLSH_PROG='/home/karel/.tcl8.6.13/unix/tclsh'
TCL_BIN_DIR='/home/karel/.tcl8.6.13/unix'
TCL_DEFS='-DPACKAGE_NAME=\"tcl\" -DPACKAGE_TARNAME=\"tcl\" -DPACKAGE_VERSION=\"8.6\" -DPACKAGE_STRING=\"tcl\ 8.6\" -DPACKAGE_BUGREPORT=\"\" -DSTDC_HEADERS=1 -DHAVE_SYS_TYPES_H=1 -DHAVE_SYS_STAT_H=1 -DHAVE_STDLIB_H=1 -DHAVE_STRING_H=1 -DHAVE_MEMORY_H=1 -DHAVE_STRINGS_H=1 -DHAVE_INTTYPES_H=1 -DHAVE_STDINT_H=1 -DHAVE_UNISTD_H=1 -DHAVE_SYS_PARAM_H=1 -DUSE_THREAD_ALLOC=1 -D_REENTRANT=1 -D_THREAD_SAFE=1 -DHAVE_PTHREAD_ATTR_SETSTACKSIZE=1 -DHAVE_PTHREAD_ATFORK=1 -DTCL_THREADS=1 -DTCL_CFGVAL_ENCODING=\"iso8859-1\" -DHAVE_ZLIB=1 -DMODULE_SCOPE=extern\ __attribute__\(\(__visibility__\(\"hidden\"\)\)\) -DHAVE_HIDDEN=1 -DHAVE_CAST_TO_UNION=1 -DTCL_SHLIB_EXT=\".so\" -DNDEBUG=1 -DTCL_CFG_OPTIMIZED=1 -DTCL_TOMMATH=1 -DMP_PREC=4 -D_LARGEFILE64_SOURCE=1 -DTCL_WIDE_INT_IS_LONG=1 -DHAVE_GETCWD=1 -DHAVE_MKSTEMP=1 -DHAVE_OPENDIR=1 -DHAVE_STRTOL=1 -DHAVE_WAITPID=1 -DHAVE_GETNAMEINFO=1 -DHAVE_GETADDRINFO=1 -DHAVE_FREEADDRINFO=1 -DHAVE_GAI_STRERROR=1 -DHAVE_STRUCT_ADDRINFO=1 -DHAVE_STRUCT_IN6_ADDR=1 -DHAVE_STRUCT_SOCKADDR_IN6=1 -DHAVE_STRUCT_SOCKADDR_STORAGE=1 -DHAVE_GETPWUID_R_5=1 -DHAVE_GETPWUID_R=1 -DHAVE_GETPWNAM_R_5=1 -DHAVE_GETPWNAM_R=1 -DHAVE_GETGRGID_R_5=1 -DHAVE_GETGRGID_R=1 -DHAVE_GETGRNAM_R_5=1 -DHAVE_GETGRNAM_R=1 -DHAVE_DECL_GETHOSTBYNAME_R=1 -DHAVE_GETHOSTBYNAME_R_6=1 -DHAVE_GETHOSTBYNAME_R=1 -DHAVE_DECL_GETHOSTBYADDR_R=1 -DHAVE_GETHOSTBYADDR_R_8=1 -DHAVE_GETHOSTBYADDR_R=1 -DHAVE_TERMIOS_H=1 -DHAVE_SYS_IOCTL_H=1 -DHAVE_SYS_TIME_H=1 -DTIME_WITH_SYS_TIME=1 -DHAVE_GMTIME_R=1 -DHAVE_LOCALTIME_R=1 -DHAVE_MKTIME=1 -DHAVE_TM_GMTOFF=1 -DHAVE_TIMEZONE_VAR=1 -DHAVE_STRUCT_STAT_ST_BLOCKS=1 -DHAVE_STRUCT_STAT_ST_BLKSIZE=1 -DHAVE_BLKCNT_T=1 -DHAVE_INTPTR_T=1 -DHAVE_UINTPTR_T=1 -DNO_UNION_WAIT=1 -DHAVE_SIGNED_CHAR=1 -DHAVE_LANGINFO=1 -DHAVE_MKSTEMPS=1 -DHAVE_FTS=1 -DHAVE_SYS_IOCTL_H=1 -DTCL_UNLOAD_DLLS=1 -DHAVE_CPUID=1 '
TCL_EXTRA_CFLAGS=' -pipe '
TCL_INCLUDES='-I"/home/karel/.tcl8.6.13/generic"'
TCL_LD_FLAGS=' -Wl,--export-dynamic '
TCL_LIBS='-ldl -lz  -lpthread -lm'
TCL_LIB_FILE='libtcl8.6.so'
TCL_LIB_FLAG='-ltcl8.6'
TCL_LIB_SPEC='-L/home/karel/.tcl8.6.13/unix -ltcl8.6'
TCL_PATCH_LEVEL='.13'
TCL_SHLIB_LD_LIBS='${LIBS}'
TCL_SRC_DIR='/home/karel/.tcl8.6.13'
TCL_STUB_LIB_FILE='libtclstub8.6.a'
TCL_STUB_LIB_FLAG='-ltclstub8.6'
TCL_STUB_LIB_SPEC='-L/home/karel/.tcl8.6.13/unix -ltclstub8.6'
TCL_THREADS='1'
TCL_VERSION='8.6'
TCL_VERSION_REQ='8.6'
TDBC_LIB_FILE='libtdbc1.1.5.so'
TDBC_VERSION='1.1.5'
VC_MANIFEST_EMBED_DLL=''
VC_MANIFEST_EMBED_EXE=''
ac_ct_CC='gcc'
bindir='${exec_prefix}/bin'
build_alias=''
datadir='${datarootdir}'
datarootdir='${prefix}/share'
docdir='${datarootdir}/doc/${PACKAGE_TARNAME}'
dvidir='${docdir}'
exec_prefix='/home/karel/.local_tcltk'
host_alias=''
htmldir='${docdir}'
includedir='${prefix}/include'
infodir='${datarootdir}/info'
libdir='/home/karel/.local_tcltk/lib'
libexecdir='${exec_prefix}/libexec'
localedir='${datarootdir}/locale'
localstatedir='${prefix}/var'
mandir='${datarootdir}/man'
oldincludedir='/usr/include'
pdfdir='${docdir}'
prefix='/home/karel/.local_tcltk'
program_transform_name='s,x,x,'
psdir='${docdir}'
runstatedir='${localstatedir}/run'
sbindir='${exec_prefix}/sbin'
sharedstatedir='${prefix}/com'
sysconfdir='${prefix}/etc'
target_alias=''
tdbc_BIN_DIR='/home/karel/.tcl8.6.13/unix/pkgs/tdbc1.1.5'
tdbc_LIBRARY_PATH='/home/karel/.tcl8.6.13/pkgs/tdbc1.1.5/library'
tdbc_LIB_FILE='libtdbc1.1.5.so'
tdbc_LIB_SPEC='-L/home/karel/.tcl8.6.13/unix/pkgs/tdbc1.1.5 -ltdbc1.1.5'
tdbc_SRC_DIR='/home/karel/.tcl8.6.13/pkgs/tdbc1.1.5'
tdbc_STUB_LIB_FILE='libtdbcstub1.1.5.a'
tdbc_STUB_LIB_PATH='/home/karel/.tcl8.6.13/unix/pkgs/tdbc1.1.5/libtdbcstub1.1.5.a'
tdbc_STUB_LIB_SPEC='-L/home/karel/.tcl8.6.13/unix/pkgs/tdbc1.1.5 -ltdbcstub1.1.5'
tdbc_VERSION='1.1.5'

## ----------- ##
## confdefs.h. ##
## ----------- ##

/* confdefs.h */
#define PACKAGE_NAME "tdbcmysql"
#define PACKAGE_TARNAME "tdbcmysql"
#define PACKAGE_VERSION "1.1.5"
#define PACKAGE_STRING "tdbcmysql 1.1.5"
#define PACKAGE_BUGREPORT ""
#define PACKAGE_URL ""
#define BUILD_tdbcmysql /**/
#define HAVE_STDIO_H 1
#define HAVE_STDLIB_H 1
#define HAVE_STRING_H 1
#define HAVE_INTTYPES_H 1
#define HAVE_STDINT_H 1
#define HAVE_STRINGS_H 1
#define HAVE_SYS_STAT_H 1
#define HAVE_SYS_TYPES_H 1
#define HAVE_UNISTD_H 1
#define STDC_HEADERS 1
#define HAVE_LONG_LONG 1
#define SIZEOF_LONG_LONG 8
#define SIZEOF_LONG 8
#define USE_THREAD_ALLOC 1
#define _REENTRANT 1
#define _THREAD_SAFE 1
#define TCL_THREADS 1
#define USE_TCL_STUBS 1
#define USE_TCLOO_STUBS 1
#define MODULE_SCOPE extern __attribute__((__visibility__("hidden")))
#define HAVE_HIDDEN 1
#define HAVE_CAST_TO_UNION 1
#define HAVE_STDBOOL_H 1
#define _LARGEFILE64_SOURCE 1
#define TCL_WIDE_INT_IS_LONG 1
#define TCL_CFG_OPTIMIZED 1
#define HAVE_INTPTR_T 1
#define HAVE_UINTPTR_T 1
#define TCL_MAJOR_VERSION 8

configure: exit 0
