This file contains any messages produced by compilers while
running configure, to aid debugging if configure makes a mistake.

It was created by tk configure 8.6, which was
generated by GNU Autoconf 2.59.  Invocation command line was

  $ ./configure --prefix=/home/karel/.local_tcltk --with-tcl=/home/karel/.local_tcltk/lib

## --------- ##
## Platform. ##
## --------- ##

hostname = 5decbd7a92aa
uname -m = x86_64
uname -r = 4.4.0-1101-aws
uname -s = Linux
uname -v = #112-Ubuntu SMP Thu Jan 9 11:27:02 UTC 2020

/usr/bin/uname -p = x86_64
/bin/uname -X     = unknown

/bin/arch              = x86_64
/usr/bin/arch -k       = unknown
/usr/convex/getsysinfo = unknown
hostinfo               = unknown
/bin/machine           = unknown
/usr/bin/oslevel       = unknown
/bin/universe          = unknown

PATH: /home/karel/.pyvenv311/bin
PATH: /home/karel/.pyenv/shims
PATH: /home/karel/.pyenv/bin
PATH: /home/karel/.jenv/shims
PATH: /home/karel/.dotnet
PATH: /usr/local/jenv/bin
PATH: /usr/bin/python3.11
PATH: /usr/local/sbin
PATH: /usr/local/bin
PATH: /usr/sbin
PATH: /usr/bin
PATH: /sbin
PATH: /bin


## ----------- ##
## Core tests. ##
## ----------- ##

configure:1365: checking for Tcl configuration
configure:1472: result: found /home/karel/.local_tcltk/lib/tclConfig.sh
configure:1478: checking for existence of /home/karel/.local_tcltk/lib/tclConfig.sh
configure:1482: result: loading
configure:1553: checking for tclsh
configure:1577: result: /usr/bin/tclsh8.6
configure:1588: checking for tclsh in Tcl build directory
configure:1591: result: /home/karel/.local_tcltk/lib/tclsh
configure:1615: checking whether to use symlinks for manpages
configure:1624: result: no
configure:1627: checking whether to compress the manpages
configure:1642: result: no
configure:1656: checking whether to add a package name suffix for the manpages
configure:1669: result: no
configure:1731: checking for gcc
configure:1747: found /usr/bin/gcc
configure:1757: result: gcc
configure:2001: checking for C compiler version
configure:2004: gcc --version </dev/null >&5
gcc (Ubuntu 11.4.0-1ubuntu1~22.04) 11.4.0
Copyright (C) 2021 Free Software Foundation, Inc.
This is free software; see the source for copying conditions.  There is NO
warranty; not even for MERCHANTABILITY or FITNESS FOR A PARTICULAR PURPOSE.

configure:2007: $? = 0
configure:2009: gcc -v </dev/null >&5
Using built-in specs.
COLLECT_GCC=gcc
COLLECT_LTO_WRAPPER=/usr/lib/gcc/x86_64-linux-gnu/11/lto-wrapper
OFFLOAD_TARGET_NAMES=nvptx-none:amdgcn-amdhsa
OFFLOAD_TARGET_DEFAULT=1
Target: x86_64-linux-gnu
Configured with: ../src/configure -v --with-pkgversion='Ubuntu 11.4.0-1ubuntu1~22.04' --with-bugurl=file:///usr/share/doc/gcc-11/README.Bugs --enable-languages=c,ada,c++,go,brig,d,fortran,objc,obj-c++,m2 --prefix=/usr --with-gcc-major-version-only --program-suffix=-11 --program-prefix=x86_64-linux-gnu- --enable-shared --enable-linker-build-id --libexecdir=/usr/lib --without-included-gettext --enable-threads=posix --libdir=/usr/lib --enable-nls --enable-bootstrap --enable-clocale=gnu --enable-libstdcxx-debug --enable-libstdcxx-time=yes --with-default-libstdcxx-abi=new --enable-gnu-unique-object --disable-vtable-verify --enable-plugin --enable-default-pie --with-system-zlib --enable-libphobos-checking=release --with-target-system-zlib=auto --enable-objc-gc=auto --enable-multiarch --disable-werror --enable-cet --with-arch-32=i686 --with-abi=m64 --with-multilib-list=m32,m64,mx32 --enable-multilib --with-tune=generic --enable-offload-targets=nvptx-none=/build/gcc-11-XeT9lY/gcc-11-11.4.0/debian/tmp-nvptx/usr,amdgcn-amdhsa=/build/gcc-11-XeT9lY/gcc-11-11.4.0/debian/tmp-gcn/usr --without-cuda-driver --enable-checking=release --build=x86_64-linux-gnu --host=x86_64-linux-gnu --target=x86_64-linux-gnu --with-build-config=bootstrap-lto-lean --enable-link-serialization=2
Thread model: posix
Supported LTO compression algorithms: zlib zstd
gcc version 11.4.0 (Ubuntu 11.4.0-1ubuntu1~22.04) 
configure:2012: $? = 0
configure:2014: gcc -V </dev/null >&5
gcc: error: unrecognized command-line option '-V'
gcc: fatal error: no input files
compilation terminated.
configure:2017: $? = 1
configure:2040: checking for C compiler default output file name
configure:2043: gcc    conftest.c  >&5
configure:2046: $? = 0
configure:2092: result: a.out
configure:2097: checking whether the C compiler works
configure:2103: ./a.out
configure:2106: $? = 0
configure:2123: result: yes
configure:2130: checking whether we are cross compiling
configure:2132: result: no
configure:2135: checking for suffix of executables
configure:2137: gcc -o conftest    conftest.c  >&5
configure:2140: $? = 0
configure:2165: result: 
configure:2171: checking for suffix of object files
configure:2192: gcc -c   conftest.c >&5
configure:2195: $? = 0
configure:2217: result: o
configure:2221: checking whether we are using the GNU C compiler
configure:2245: gcc -c   conftest.c >&5
configure:2251: $? = 0
configure:2255: test -z 
			 || test ! -s conftest.err
configure:2258: $? = 0
configure:2261: test -s conftest.o
configure:2264: $? = 0
configure:2277: result: yes
configure:2283: checking whether gcc accepts -g
configure:2304: gcc -c -g  conftest.c >&5
configure:2310: $? = 0
configure:2314: test -z 
			 || test ! -s conftest.err
configure:2317: $? = 0
configure:2320: test -s conftest.o
configure:2323: $? = 0
configure:2334: result: yes
configure:2351: checking for gcc option to accept ANSI C
configure:2421: gcc  -c   conftest.c >&5
configure:2427: $? = 0
configure:2431: test -z 
			 || test ! -s conftest.err
configure:2434: $? = 0
configure:2437: test -s conftest.o
configure:2440: $? = 0
configure:2458: result: none needed
configure:2476: gcc -c   conftest.c >&5
conftest.c:2:3: error: unknown type name 'choke'
    2 |   choke me
      |   ^~~~~
conftest.c:2:3: error: expected '=', ',', ';', 'asm' or '__attribute__' at end of input
configure:2482: $? = 1
configure: failed program was:
| #ifndef __cplusplus
|   choke me
| #endif
configure:2616: checking for inline
configure:2637: gcc -c   conftest.c >&5
configure:2643: $? = 0
configure:2647: test -z 
			 || test ! -s conftest.err
configure:2650: $? = 0
configure:2653: test -s conftest.o
configure:2656: $? = 0
configure:2668: result: inline
configure:2698: checking how to run the C preprocessor
configure:2733: gcc -E  conftest.c
configure:2739: $? = 0
configure:2771: gcc -E  conftest.c
conftest.c:9:10: fatal error: ac_nonexistent.h: No such file or directory
    9 | #include <ac_nonexistent.h>
      |          ^~~~~~~~~~~~~~~~~~
compilation terminated.
configure:2777: $? = 1
configure: failed program was:
| /* confdefs.h.  */
| 
| #define PACKAGE_NAME "tk"
| #define PACKAGE_TARNAME "tk"
| #define PACKAGE_VERSION "8.6"
| #define PACKAGE_STRING "tk 8.6"
| #define PACKAGE_BUGREPORT ""
| /* end confdefs.h.  */
| #include <ac_nonexistent.h>
configure:2816: result: gcc -E
configure:2840: gcc -E  conftest.c
configure:2846: $? = 0
configure:2878: gcc -E  conftest.c
conftest.c:9:10: fatal error: ac_nonexistent.h: No such file or directory
    9 | #include <ac_nonexistent.h>
      |          ^~~~~~~~~~~~~~~~~~
compilation terminated.
configure:2884: $? = 1
configure: failed program was:
| /* confdefs.h.  */
| 
| #define PACKAGE_NAME "tk"
| #define PACKAGE_TARNAME "tk"
| #define PACKAGE_VERSION "8.6"
| #define PACKAGE_STRING "tk 8.6"
| #define PACKAGE_BUGREPORT ""
| /* end confdefs.h.  */
| #include <ac_nonexistent.h>
configure:2928: checking for egrep
configure:2938: result: grep -E
configure:2943: checking for ANSI C header files
configure:2968: gcc -c   conftest.c >&5
configure:2974: $? = 0
configure:2978: test -z 
			 || test ! -s conftest.err
configure:2981: $? = 0
configure:2984: test -s conftest.o
configure:2987: $? = 0
configure:3077: gcc -o conftest    conftest.c  >&5
configure:3080: $? = 0
configure:3082: ./conftest
configure:3085: $? = 0
configure:3100: result: yes
configure:3124: checking for sys/types.h
configure:3140: gcc -c   conftest.c >&5
configure:3146: $? = 0
configure:3150: test -z 
			 || test ! -s conftest.err
configure:3153: $? = 0
configure:3156: test -s conftest.o
configure:3159: $? = 0
configure:3170: result: yes
configure:3124: checking for sys/stat.h
configure:3140: gcc -c   conftest.c >&5
configure:3146: $? = 0
configure:3150: test -z 
			 || test ! -s conftest.err
configure:3153: $? = 0
configure:3156: test -s conftest.o
configure:3159: $? = 0
configure:3170: result: yes
configure:3124: checking for stdlib.h
configure:3140: gcc -c   conftest.c >&5
configure:3146: $? = 0
configure:3150: test -z 
			 || test ! -s conftest.err
configure:3153: $? = 0
configure:3156: test -s conftest.o
configure:3159: $? = 0
configure:3170: result: yes
configure:3124: checking for string.h
configure:3140: gcc -c   conftest.c >&5
configure:3146: $? = 0
configure:3150: test -z 
			 || test ! -s conftest.err
configure:3153: $? = 0
configure:3156: test -s conftest.o
configure:3159: $? = 0
configure:3170: result: yes
configure:3124: checking for memory.h
configure:3140: gcc -c   conftest.c >&5
configure:3146: $? = 0
configure:3150: test -z 
			 || test ! -s conftest.err
configure:3153: $? = 0
configure:3156: test -s conftest.o
configure:3159: $? = 0
configure:3170: result: yes
configure:3124: checking for strings.h
configure:3140: gcc -c   conftest.c >&5
configure:3146: $? = 0
configure:3150: test -z 
			 || test ! -s conftest.err
configure:3153: $? = 0
configure:3156: test -s conftest.o
configure:3159: $? = 0
configure:3170: result: yes
configure:3124: checking for inttypes.h
configure:3140: gcc -c   conftest.c >&5
configure:3146: $? = 0
configure:3150: test -z 
			 || test ! -s conftest.err
configure:3153: $? = 0
configure:3156: test -s conftest.o
configure:3159: $? = 0
configure:3170: result: yes
configure:3124: checking for stdint.h
configure:3140: gcc -c   conftest.c >&5
configure:3146: $? = 0
configure:3150: test -z 
			 || test ! -s conftest.err
configure:3153: $? = 0
configure:3156: test -s conftest.o
configure:3159: $? = 0
configure:3170: result: yes
configure:3124: checking for unistd.h
configure:3140: gcc -c   conftest.c >&5
configure:3146: $? = 0
configure:3150: test -z 
			 || test ! -s conftest.err
configure:3153: $? = 0
configure:3156: test -s conftest.o
configure:3159: $? = 0
configure:3170: result: yes
configure:3183: checking for stdlib.h
configure:3188: result: yes
configure:3391: checking if the compiler understands -pipe
configure:3414: gcc -c  -pipe  conftest.c >&5
configure:3420: $? = 0
configure:3424: test -z 
			 || test ! -s conftest.err
configure:3427: $? = 0
configure:3430: test -s conftest.o
configure:3433: $? = 0
configure:3445: result: yes
configure:3495: checking for pthread_mutex_init in -lpthread
configure:3525: gcc -o conftest  -pipe   conftest.c -lpthread   >&5
configure:3531: $? = 0
configure:3535: test -z 
			 || test ! -s conftest.err
configure:3538: $? = 0
configure:3541: test -s conftest
configure:3544: $? = 0
configure:3557: result: yes
configure:3884: checking for pthread_attr_setstacksize
configure:3941: gcc -o conftest  -pipe   conftest.c   -lpthread >&5
configure:3947: $? = 0
configure:3951: test -z 
			 || test ! -s conftest.err
configure:3954: $? = 0
configure:3957: test -s conftest
configure:3960: $? = 0
configure:3972: result: yes
configure:3884: checking for pthread_atfork
configure:3941: gcc -o conftest  -pipe   conftest.c   -lpthread >&5
configure:3947: $? = 0
configure:3951: test -z 
			 || test ! -s conftest.err
configure:3954: $? = 0
configure:3957: test -s conftest
configure:3960: $? = 0
configure:3972: result: yes
configure:3987: checking for building with threads
configure:3996: result: yes (threaded core)
configure:4014: checking how to build libraries
configure:4024: result: shared
configure:4087: checking for ranlib
configure:4103: found /usr/bin/ranlib
configure:4114: result: ranlib
configure:4130: checking if 64bit support is requested
configure:4139: result: no
configure:4144: checking if 64bit Sparc VIS support is requested
configure:4153: result: no
configure:4164: checking if compiler supports visibility "hidden"
configure:4189: gcc -o conftest  -pipe -Werror   conftest.c  -lpthread >&5
configure:4195: $? = 0
configure:4199: test -z 
			 || test ! -s conftest.err
configure:4202: $? = 0
configure:4205: test -s conftest
configure:4208: $? = 0
configure:4221: result: yes
configure:4241: checking if rpath support is requested
configure:4250: result: yes
configure:4257: checking system version
configure:4288: result: Linux-4.4.0-1101-aws
configure:4296: checking for dlopen in -ldl
configure:4326: gcc -o conftest  -pipe   conftest.c -ldl   -lpthread >&5
configure:4332: $? = 0
configure:4336: test -z 
			 || test ! -s conftest.err
configure:4339: $? = 0
configure:4342: test -s conftest
configure:4345: $? = 0
configure:4358: result: yes
configure:4439: checking for ar
configure:4455: found /usr/bin/ar
configure:4465: result: ar
configure:6751: checking for cast to union support
configure:6775: gcc -c  -pipe  conftest.c >&5
configure:6781: $? = 0
configure:6785: test -z 
			 || test ! -s conftest.err
configure:6788: $? = 0
configure:6791: test -s conftest.o
configure:6794: $? = 0
configure:6806: result: yes
configure:6816: checking for working -fno-lto
configure:6837: gcc -c  -pipe -fno-lto  conftest.c >&5
configure:6843: $? = 0
configure:6847: test -z 
			 || test ! -s conftest.err
configure:6850: $? = 0
configure:6853: test -s conftest.o
configure:6856: $? = 0
configure:6868: result: yes
configure:6920: checking for build with symbols
configure:6938: result: no
configure:6982: checking for required early compiler flags
configure:7005: gcc -c  -pipe  conftest.c >&5
configure:7011: $? = 0
configure:7015: test -z 
			 || test ! -s conftest.err
configure:7018: $? = 0
configure:7021: test -s conftest.o
configure:7024: $? = 0
configure:7110: gcc -c  -pipe  conftest.c >&5
conftest.c: In function 'main':
conftest.c:35:15: error: storage size of 'buf' isn't known
   35 | struct stat64 buf; int i = stat64("/", &buf);
      |               ^~~
conftest.c:35:28: warning: implicit declaration of function 'stat64'; did you mean 'stat'? [-Wimplicit-function-declaration]
   35 | struct stat64 buf; int i = stat64("/", &buf);
      |                            ^~~~~~
      |                            stat
configure:7116: $? = 1
configure: failed program was:
| /* confdefs.h.  */
| 
| #define PACKAGE_NAME "tk"
| #define PACKAGE_TARNAME "tk"
| #define PACKAGE_VERSION "8.6"
| #define PACKAGE_STRING "tk 8.6"
| #define PACKAGE_BUGREPORT ""
| #define STDC_HEADERS 1
| #define HAVE_SYS_TYPES_H 1
| #define HAVE_SYS_STAT_H 1
| #define HAVE_STDLIB_H 1
| #define HAVE_STRING_H 1
| #define HAVE_MEMORY_H 1
| #define HAVE_STRINGS_H 1
| #define HAVE_INTTYPES_H 1
| #define HAVE_STDINT_H 1
| #define HAVE_UNISTD_H 1
| #define USE_THREAD_ALLOC 1
| #define _REENTRANT 1
| #define _THREAD_SAFE 1
| #define HAVE_PTHREAD_ATTR_SETSTACKSIZE 1
| #define HAVE_PTHREAD_ATFORK 1
| #define TCL_THREADS 1
| #define MODULE_SCOPE extern __attribute__((__visibility__("hidden")))
| #define HAVE_HIDDEN 1
| #define HAVE_CAST_TO_UNION 1
| #define TCL_SHLIB_EXT ".so"
| #define NDEBUG 1
| #define TCL_CFG_OPTIMIZED 1
| /* end confdefs.h.  */
| #include <sys/stat.h>
| int
| main ()
| {
| struct stat64 buf; int i = stat64("/", &buf);
|   ;
|   return 0;
| }
configure:7153: gcc -c  -pipe  conftest.c >&5
configure:7159: $? = 0
configure:7163: test -z 
			 || test ! -s conftest.err
configure:7166: $? = 0
configure:7169: test -s conftest.o
configure:7172: $? = 0
configure:7215: gcc -c  -pipe  conftest.c >&5
conftest.c: In function 'main':
conftest.c:36:19: error: 'open64' undeclared (first use in this function)
   36 | char *p = (char *)open64;
      |                   ^~~~~~
conftest.c:36:19: note: each undeclared identifier is reported only once for each function it appears in
configure:7221: $? = 1
configure: failed program was:
| /* confdefs.h.  */
| 
| #define PACKAGE_NAME "tk"
| #define PACKAGE_TARNAME "tk"
| #define PACKAGE_VERSION "8.6"
| #define PACKAGE_STRING "tk 8.6"
| #define PACKAGE_BUGREPORT ""
| #define STDC_HEADERS 1
| #define HAVE_SYS_TYPES_H 1
| #define HAVE_SYS_STAT_H 1
| #define HAVE_STDLIB_H 1
| #define HAVE_STRING_H 1
| #define HAVE_MEMORY_H 1
| #define HAVE_STRINGS_H 1
| #define HAVE_INTTYPES_H 1
| #define HAVE_STDINT_H 1
| #define HAVE_UNISTD_H 1
| #define USE_THREAD_ALLOC 1
| #define _REENTRANT 1
| #define _THREAD_SAFE 1
| #define HAVE_PTHREAD_ATTR_SETSTACKSIZE 1
| #define HAVE_PTHREAD_ATFORK 1
| #define TCL_THREADS 1
| #define MODULE_SCOPE extern __attribute__((__visibility__("hidden")))
| #define HAVE_HIDDEN 1
| #define HAVE_CAST_TO_UNION 1
| #define TCL_SHLIB_EXT ".so"
| #define NDEBUG 1
| #define TCL_CFG_OPTIMIZED 1
| #define _LARGEFILE64_SOURCE 1
| /* end confdefs.h.  */
| #include <sys/stat.h>
| int
| main ()
| {
| char *p = (char *)open64;
|   ;
|   return 0;
| }
configure:7258: gcc -c  -pipe  conftest.c >&5
conftest.c: In function 'main':
conftest.c:37:19: error: 'open64' undeclared (first use in this function)
   37 | char *p = (char *)open64;
      |                   ^~~~~~
conftest.c:37:19: note: each undeclared identifier is reported only once for each function it appears in
configure:7264: $? = 1
configure: failed program was:
| /* confdefs.h.  */
| 
| #define PACKAGE_NAME "tk"
| #define PACKAGE_TARNAME "tk"
| #define PACKAGE_VERSION "8.6"
| #define PACKAGE_STRING "tk 8.6"
| #define PACKAGE_BUGREPORT ""
| #define STDC_HEADERS 1
| #define HAVE_SYS_TYPES_H 1
| #define HAVE_SYS_STAT_H 1
| #define HAVE_STDLIB_H 1
| #define HAVE_STRING_H 1
| #define HAVE_MEMORY_H 1
| #define HAVE_STRINGS_H 1
| #define HAVE_INTTYPES_H 1
| #define HAVE_STDINT_H 1
| #define HAVE_UNISTD_H 1
| #define USE_THREAD_ALLOC 1
| #define _REENTRANT 1
| #define _THREAD_SAFE 1
| #define HAVE_PTHREAD_ATTR_SETSTACKSIZE 1
| #define HAVE_PTHREAD_ATFORK 1
| #define TCL_THREADS 1
| #define MODULE_SCOPE extern __attribute__((__visibility__("hidden")))
| #define HAVE_HIDDEN 1
| #define HAVE_CAST_TO_UNION 1
| #define TCL_SHLIB_EXT ".so"
| #define NDEBUG 1
| #define TCL_CFG_OPTIMIZED 1
| #define _LARGEFILE64_SOURCE 1
| /* end confdefs.h.  */
| #define _LARGEFILE_SOURCE64 1
| #include <sys/stat.h>
| int
| main ()
| {
| char *p = (char *)open64;
|   ;
|   return 0;
| }
configure:7304: result:  _LARGEFILE64_SOURCE
configure:7310: checking for 64-bit integer type
configure:7334: gcc -c  -pipe  conftest.c >&5
conftest.c: In function 'main':
conftest.c:36:1: error: unknown type name '__int64'
   36 | __int64 value = (__int64) 0;
      | ^~~~~~~
conftest.c:36:18: error: '__int64' undeclared (first use in this function)
   36 | __int64 value = (__int64) 0;
      |                  ^~~~~~~
conftest.c:36:18: note: each undeclared identifier is reported only once for each function it appears in
conftest.c:36:27: error: expected ',' or ';' before numeric constant
   36 | __int64 value = (__int64) 0;
      |                           ^
configure:7340: $? = 1
configure: failed program was:
| /* confdefs.h.  */
| 
| #define PACKAGE_NAME "tk"
| #define PACKAGE_TARNAME "tk"
| #define PACKAGE_VERSION "8.6"
| #define PACKAGE_STRING "tk 8.6"
| #define PACKAGE_BUGREPORT ""
| #define STDC_HEADERS 1
| #define HAVE_SYS_TYPES_H 1
| #define HAVE_SYS_STAT_H 1
| #define HAVE_STDLIB_H 1
| #define HAVE_STRING_H 1
| #define HAVE_MEMORY_H 1
| #define HAVE_STRINGS_H 1
| #define HAVE_INTTYPES_H 1
| #define HAVE_STDINT_H 1
| #define HAVE_UNISTD_H 1
| #define USE_THREAD_ALLOC 1
| #define _REENTRANT 1
| #define _THREAD_SAFE 1
| #define HAVE_PTHREAD_ATTR_SETSTACKSIZE 1
| #define HAVE_PTHREAD_ATFORK 1
| #define TCL_THREADS 1
| #define MODULE_SCOPE extern __attribute__((__visibility__("hidden")))
| #define HAVE_HIDDEN 1
| #define HAVE_CAST_TO_UNION 1
| #define TCL_SHLIB_EXT ".so"
| #define NDEBUG 1
| #define TCL_CFG_OPTIMIZED 1
| #define _LARGEFILE64_SOURCE 1
| /* end confdefs.h.  */
| 
| int
| main ()
| {
| __int64 value = (__int64) 0;
|   ;
|   return 0;
| }
configure:7384: gcc -c  -pipe  conftest.c >&5
conftest.c: In function 'main':
conftest.c:37:21: error: duplicate case value
   37 |             case 1: case (sizeof(long long)==sizeof(long)): ;
      |                     ^~~~
conftest.c:37:13: note: previously used here
   37 |             case 1: case (sizeof(long long)==sizeof(long)): ;
      |             ^~~~
configure:7390: $? = 1
configure: failed program was:
| /* confdefs.h.  */
| 
| #define PACKAGE_NAME "tk"
| #define PACKAGE_TARNAME "tk"
| #define PACKAGE_VERSION "8.6"
| #define PACKAGE_STRING "tk 8.6"
| #define PACKAGE_BUGREPORT ""
| #define STDC_HEADERS 1
| #define HAVE_SYS_TYPES_H 1
| #define HAVE_SYS_STAT_H 1
| #define HAVE_STDLIB_H 1
| #define HAVE_STRING_H 1
| #define HAVE_MEMORY_H 1
| #define HAVE_STRINGS_H 1
| #define HAVE_INTTYPES_H 1
| #define HAVE_STDINT_H 1
| #define HAVE_UNISTD_H 1
| #define USE_THREAD_ALLOC 1
| #define _REENTRANT 1
| #define _THREAD_SAFE 1
| #define HAVE_PTHREAD_ATTR_SETSTACKSIZE 1
| #define HAVE_PTHREAD_ATFORK 1
| #define TCL_THREADS 1
| #define MODULE_SCOPE extern __attribute__((__visibility__("hidden")))
| #define HAVE_HIDDEN 1
| #define HAVE_CAST_TO_UNION 1
| #define TCL_SHLIB_EXT ".so"
| #define NDEBUG 1
| #define TCL_CFG_OPTIMIZED 1
| #define _LARGEFILE64_SOURCE 1
| /* end confdefs.h.  */
| 
| int
| main ()
| {
| switch (0) {
|             case 1: case (sizeof(long long)==sizeof(long)): ;
|         }
|   ;
|   return 0;
| }
configure:7420: result: using long
configure:7800: checking whether byte ordering is bigendian
configure:7827: gcc -c  -pipe  conftest.c >&5
configure:7833: $? = 0
configure:7837: test -z 
			 || test ! -s conftest.err
configure:7840: $? = 0
configure:7843: test -s conftest.o
configure:7846: $? = 0
configure:7870: gcc -c  -pipe  conftest.c >&5
conftest.c: In function 'main':
conftest.c:40:2: error: unknown type name 'not'; did you mean 'ino_t'?
   40 |  not big endian
      |  ^~~
      |  ino_t
conftest.c:40:10: error: expected '=', ',', ';', 'asm' or '__attribute__' before 'endian'
   40 |  not big endian
      |          ^~~~~~
configure:7876: $? = 1
configure: failed program was:
| /* confdefs.h.  */
| 
| #define PACKAGE_NAME "tk"
| #define PACKAGE_TARNAME "tk"
| #define PACKAGE_VERSION "8.6"
| #define PACKAGE_STRING "tk 8.6"
| #define PACKAGE_BUGREPORT ""
| #define STDC_HEADERS 1
| #define HAVE_SYS_TYPES_H 1
| #define HAVE_SYS_STAT_H 1
| #define HAVE_STDLIB_H 1
| #define HAVE_STRING_H 1
| #define HAVE_MEMORY_H 1
| #define HAVE_STRINGS_H 1
| #define HAVE_INTTYPES_H 1
| #define HAVE_STDINT_H 1
| #define HAVE_UNISTD_H 1
| #define USE_THREAD_ALLOC 1
| #define _REENTRANT 1
| #define _THREAD_SAFE 1
| #define HAVE_PTHREAD_ATTR_SETSTACKSIZE 1
| #define HAVE_PTHREAD_ATFORK 1
| #define TCL_THREADS 1
| #define MODULE_SCOPE extern __attribute__((__visibility__("hidden")))
| #define HAVE_HIDDEN 1
| #define HAVE_CAST_TO_UNION 1
| #define TCL_SHLIB_EXT ".so"
| #define NDEBUG 1
| #define TCL_CFG_OPTIMIZED 1
| #define _LARGEFILE64_SOURCE 1
| #define TCL_WIDE_INT_IS_LONG 1
| /* end confdefs.h.  */
| #include <sys/types.h>
| #include <sys/param.h>
| 
| int
| main ()
| {
| #if BYTE_ORDER != BIG_ENDIAN
|  not big endian
| #endif
| 
|   ;
|   return 0;
| }
configure:8011: result: no
configure:8061: checking for fd_set in sys/types
configure:8083: gcc -c  -pipe  conftest.c >&5
configure:8089: $? = 0
configure:8093: test -z 
			 || test ! -s conftest.err
configure:8096: $? = 0
configure:8099: test -s conftest.o
configure:8102: $? = 0
configure:8113: result: yes
configure:8178: checking sys/time.h usability
configure:8190: gcc -c  -pipe  conftest.c >&5
configure:8196: $? = 0
configure:8200: test -z 
			 || test ! -s conftest.err
configure:8203: $? = 0
configure:8206: test -s conftest.o
configure:8209: $? = 0
configure:8219: result: yes
configure:8223: checking sys/time.h presence
configure:8233: gcc -E  conftest.c
configure:8239: $? = 0
configure:8259: result: yes
configure:8294: checking for sys/time.h
configure:8301: result: yes
configure:8314: checking whether time.h and sys/time.h may both be included
configure:8339: gcc -c  -pipe  conftest.c >&5
configure:8345: $? = 0
configure:8349: test -z 
			 || test ! -s conftest.err
configure:8352: $? = 0
configure:8355: test -s conftest.o
configure:8358: $? = 0
configure:8369: result: yes
configure:8385: checking for mode_t
configure:8409: gcc -c  -pipe  conftest.c >&5
configure:8415: $? = 0
configure:8419: test -z 
			 || test ! -s conftest.err
configure:8422: $? = 0
configure:8425: test -s conftest.o
configure:8428: $? = 0
configure:8439: result: yes
configure:8451: checking for pid_t
configure:8475: gcc -c  -pipe  conftest.c >&5
configure:8481: $? = 0
configure:8485: test -z 
			 || test ! -s conftest.err
configure:8488: $? = 0
configure:8491: test -s conftest.o
configure:8494: $? = 0
configure:8505: result: yes
configure:8517: checking for size_t
configure:8541: gcc -c  -pipe  conftest.c >&5
configure:8547: $? = 0
configure:8551: test -z 
			 || test ! -s conftest.err
configure:8554: $? = 0
configure:8557: test -s conftest.o
configure:8560: $? = 0
configure:8571: result: yes
configure:8583: checking for uid_t in sys/types.h
configure:8606: result: yes
configure:8622: checking for intptr_t
configure:8646: gcc -c  -pipe  conftest.c >&5
configure:8652: $? = 0
configure:8656: test -z 
			 || test ! -s conftest.err
configure:8659: $? = 0
configure:8662: test -s conftest.o
configure:8665: $? = 0
configure:8676: result: yes
configure:8757: checking for uintptr_t
configure:8781: gcc -c  -pipe  conftest.c >&5
configure:8787: $? = 0
configure:8791: test -z 
			 || test ! -s conftest.err
configure:8794: $? = 0
configure:8797: test -s conftest.o
configure:8800: $? = 0
configure:8811: result: yes
configure:8898: checking pw_gecos in struct pwd
configure:8920: gcc -c  -pipe  conftest.c >&5
configure:8926: $? = 0
configure:8930: test -z 
			 || test ! -s conftest.err
configure:8933: $? = 0
configure:8936: test -s conftest.o
configure:8939: $? = 0
configure:8950: result: yes
configure:9463: checking for X
configure:9568: gcc -E  conftest.c
configure:9574: $? = 0
configure:9624: gcc -o conftest  -pipe   -Wl,--export-dynamic  conftest.c -lX11  -lpthread >&5
configure:9630: $? = 0
configure:9634: test -z 
			 || test ! -s conftest.err
configure:9637: $? = 0
configure:9640: test -s conftest
configure:9643: $? = 0
configure:9693: result: libraries , headers 
configure:9708: gcc -E  conftest.c
configure:9714: $? = 0
configure:9943: checking for main in -lXbsd
configure:9967: gcc -o conftest  -pipe   -Wl,--export-dynamic  conftest.c -lXbsd   -lpthread >&5
/usr/bin/ld: cannot find -lXbsd: No such file or directory
collect2: error: ld returned 1 exit status
configure:9973: $? = 1
configure: failed program was:
| /* confdefs.h.  */
| 
| #define PACKAGE_NAME "tk"
| #define PACKAGE_TARNAME "tk"
| #define PACKAGE_VERSION "8.6"
| #define PACKAGE_STRING "tk 8.6"
| #define PACKAGE_BUGREPORT ""
| #define STDC_HEADERS 1
| #define HAVE_SYS_TYPES_H 1
| #define HAVE_SYS_STAT_H 1
| #define HAVE_STDLIB_H 1
| #define HAVE_STRING_H 1
| #define HAVE_MEMORY_H 1
| #define HAVE_STRINGS_H 1
| #define HAVE_INTTYPES_H 1
| #define HAVE_STDINT_H 1
| #define HAVE_UNISTD_H 1
| #define USE_THREAD_ALLOC 1
| #define _REENTRANT 1
| #define _THREAD_SAFE 1
| #define HAVE_PTHREAD_ATTR_SETSTACKSIZE 1
| #define HAVE_PTHREAD_ATFORK 1
| #define TCL_THREADS 1
| #define MODULE_SCOPE extern __attribute__((__visibility__("hidden")))
| #define HAVE_HIDDEN 1
| #define HAVE_CAST_TO_UNION 1
| #define TCL_SHLIB_EXT ".so"
| #define NDEBUG 1
| #define TCL_CFG_OPTIMIZED 1
| #define _LARGEFILE64_SOURCE 1
| #define TCL_WIDE_INT_IS_LONG 1
| #define HAVE_SYS_TIME_H 1
| #define TIME_WITH_SYS_TIME 1
| #define HAVE_INTPTR_T 1
| #define HAVE_UINTPTR_T 1
| #define HAVE_PW_GECOS 1
| /* end confdefs.h.  */
| 
| 
| int
| main ()
| {
| main ();
|   ;
|   return 0;
| }
configure:9999: result: no
configure:10090: checking whether to use xft
configure:10113: result: no
configure:10380: checking for X11/XKBlib.h
configure:10396: gcc -c  -pipe   conftest.c >&5
configure:10402: $? = 0
configure:10406: test -z 
			 || test ! -s conftest.err
configure:10409: $? = 0
configure:10412: test -s conftest.o
configure:10415: $? = 0
configure:10426: result: yes
configure:10440: checking for XkbKeycodeToKeysym in -lX11
configure:10470: gcc -o conftest  -pipe    -Wl,--export-dynamic  conftest.c -lX11   -lpthread -lX11 >&5
configure:10476: $? = 0
configure:10480: test -z 
			 || test ! -s conftest.err
configure:10483: $? = 0
configure:10486: test -s conftest
configure:10489: $? = 0
configure:10502: result: yes
configure:10533: checking whether XKeycodeToKeysym is deprecated
configure:10557: gcc -o conftest  -pipe -Werror   -Wl,--export-dynamic  conftest.c  -lpthread >&5
conftest.c: In function 'main':
conftest.c:46:9: error: 'XKeycodeToKeysym' is deprecated [-Werror=deprecated-declarations]
   46 |         XKeycodeToKeysym(0,0,0);
      |         ^~~~~~~~~~~~~~~~
In file included from conftest.c:40:
/usr/include/X11/Xlib.h:1687:15: note: declared here
 1687 | extern KeySym XKeycodeToKeysym(
      |               ^~~~~~~~~~~~~~~~
cc1: all warnings being treated as errors
configure:10563: $? = 1
configure: failed program was:
| /* confdefs.h.  */
| 
| #define PACKAGE_NAME "tk"
| #define PACKAGE_TARNAME "tk"
| #define PACKAGE_VERSION "8.6"
| #define PACKAGE_STRING "tk 8.6"
| #define PACKAGE_BUGREPORT ""
| #define STDC_HEADERS 1
| #define HAVE_SYS_TYPES_H 1
| #define HAVE_SYS_STAT_H 1
| #define HAVE_STDLIB_H 1
| #define HAVE_STRING_H 1
| #define HAVE_MEMORY_H 1
| #define HAVE_STRINGS_H 1
| #define HAVE_INTTYPES_H 1
| #define HAVE_STDINT_H 1
| #define HAVE_UNISTD_H 1
| #define USE_THREAD_ALLOC 1
| #define _REENTRANT 1
| #define _THREAD_SAFE 1
| #define HAVE_PTHREAD_ATTR_SETSTACKSIZE 1
| #define HAVE_PTHREAD_ATFORK 1
| #define TCL_THREADS 1
| #define MODULE_SCOPE extern __attribute__((__visibility__("hidden")))
| #define HAVE_HIDDEN 1
| #define HAVE_CAST_TO_UNION 1
| #define TCL_SHLIB_EXT ".so"
| #define NDEBUG 1
| #define TCL_CFG_OPTIMIZED 1
| #define _LARGEFILE64_SOURCE 1
| #define TCL_WIDE_INT_IS_LONG 1
| #define HAVE_SYS_TIME_H 1
| #define TIME_WITH_SYS_TIME 1
| #define HAVE_INTPTR_T 1
| #define HAVE_UINTPTR_T 1
| #define HAVE_PW_GECOS 1
| #define HAVE_XKBKEYCODETOKEYSYM 1
| /* end confdefs.h.  */
| 
| 	#include <X11/Xlib.h>
| 
| int
| main ()
| {
| 
| 	XKeycodeToKeysym(0,0,0);
| 
|   ;
|   return 0;
| }
configure:10587: result: yes
configure:10617: checking whether to try to use XScreenSaver
configure:10630: result: yes
configure:10632: checking for X11/extensions/scrnsaver.h
configure:10648: gcc -c  -pipe   conftest.c >&5
configure:10654: $? = 0
configure:10658: test -z 
			 || test ! -s conftest.err
configure:10661: $? = 0
configure:10664: test -s conftest.o
configure:10667: $? = 0
configure:10678: result: yes
configure:10687: checking for XScreenSaverQueryInfo
configure:10744: gcc -o conftest  -pipe    -Wl,--export-dynamic  conftest.c  -lpthread -lX11 >&5
/usr/bin/ld: /tmp/ccBhCikZ.o: in function `main':
conftest.c:(.text+0x12): undefined reference to `XScreenSaverQueryInfo'
/usr/bin/ld: /tmp/ccBhCikZ.o:(.data.rel+0x0): undefined reference to `XScreenSaverQueryInfo'
collect2: error: ld returned 1 exit status
configure:10750: $? = 1
configure: failed program was:
| /* confdefs.h.  */
| 
| #define PACKAGE_NAME "tk"
| #define PACKAGE_TARNAME "tk"
| #define PACKAGE_VERSION "8.6"
| #define PACKAGE_STRING "tk 8.6"
| #define PACKAGE_BUGREPORT ""
| #define STDC_HEADERS 1
| #define HAVE_SYS_TYPES_H 1
| #define HAVE_SYS_STAT_H 1
| #define HAVE_STDLIB_H 1
| #define HAVE_STRING_H 1
| #define HAVE_MEMORY_H 1
| #define HAVE_STRINGS_H 1
| #define HAVE_INTTYPES_H 1
| #define HAVE_STDINT_H 1
| #define HAVE_UNISTD_H 1
| #define USE_THREAD_ALLOC 1
| #define _REENTRANT 1
| #define _THREAD_SAFE 1
| #define HAVE_PTHREAD_ATTR_SETSTACKSIZE 1
| #define HAVE_PTHREAD_ATFORK 1
| #define TCL_THREADS 1
| #define MODULE_SCOPE extern __attribute__((__visibility__("hidden")))
| #define HAVE_HIDDEN 1
| #define HAVE_CAST_TO_UNION 1
| #define TCL_SHLIB_EXT ".so"
| #define NDEBUG 1
| #define TCL_CFG_OPTIMIZED 1
| #define _LARGEFILE64_SOURCE 1
| #define TCL_WIDE_INT_IS_LONG 1
| #define HAVE_SYS_TIME_H 1
| #define TIME_WITH_SYS_TIME 1
| #define HAVE_INTPTR_T 1
| #define HAVE_UINTPTR_T 1
| #define HAVE_PW_GECOS 1
| #define HAVE_XKBKEYCODETOKEYSYM 1
| #define XKEYCODETOKEYSYM_IS_DEPRECATED 1
| /* end confdefs.h.  */
| /* Define XScreenSaverQueryInfo to an innocuous variant, in case <limits.h> declares XScreenSaverQueryInfo.
|    For example, HP-UX 11i <limits.h> declares gettimeofday.  */
| #define XScreenSaverQueryInfo innocuous_XScreenSaverQueryInfo
| 
| /* System header to define __stub macros and hopefully few prototypes,
|     which can conflict with char XScreenSaverQueryInfo (); below.
|     Prefer <limits.h> to <assert.h> if __STDC__ is defined, since
|     <limits.h> exists even on freestanding compilers.  */
| 
| #ifdef __STDC__
| # include <limits.h>
| #else
| # include <assert.h>
| #endif
| 
| #undef XScreenSaverQueryInfo
| 
| /* Override any gcc2 internal prototype to avoid an error.  */
| #ifdef __cplusplus
| extern "C"
| {
| #endif
| /* We use char because int might match the return type of a gcc2
|    builtin and then its argument prototype would still apply.  */
| char XScreenSaverQueryInfo ();
| /* The GNU C library defines this for functions which it implements
|     to always fail with ENOSYS.  Some functions are actually named
|     something starting with __ and the normal name is an alias.  */
| #if defined (__stub_XScreenSaverQueryInfo) || defined (__stub___XScreenSaverQueryInfo)
| choke me
| #else
| char (*f) () = XScreenSaverQueryInfo;
| #endif
| #ifdef __cplusplus
| }
| #endif
| 
| int
| main ()
| {
| return f != XScreenSaverQueryInfo;
|   ;
|   return 0;
| }
configure:10775: result: no
configure:10781: checking for XScreenSaverQueryInfo in -lXext
configure:10811: gcc -o conftest  -pipe    -Wl,--export-dynamic  conftest.c -lXext   -lpthread -lX11 >&5
/usr/bin/ld: /tmp/cc88DNOU.o: in function `main':
conftest.c:(.text+0xe): undefined reference to `XScreenSaverQueryInfo'
collect2: error: ld returned 1 exit status
configure:10817: $? = 1
configure: failed program was:
| /* confdefs.h.  */
| 
| #define PACKAGE_NAME "tk"
| #define PACKAGE_TARNAME "tk"
| #define PACKAGE_VERSION "8.6"
| #define PACKAGE_STRING "tk 8.6"
| #define PACKAGE_BUGREPORT ""
| #define STDC_HEADERS 1
| #define HAVE_SYS_TYPES_H 1
| #define HAVE_SYS_STAT_H 1
| #define HAVE_STDLIB_H 1
| #define HAVE_STRING_H 1
| #define HAVE_MEMORY_H 1
| #define HAVE_STRINGS_H 1
| #define HAVE_INTTYPES_H 1
| #define HAVE_STDINT_H 1
| #define HAVE_UNISTD_H 1
| #define USE_THREAD_ALLOC 1
| #define _REENTRANT 1
| #define _THREAD_SAFE 1
| #define HAVE_PTHREAD_ATTR_SETSTACKSIZE 1
| #define HAVE_PTHREAD_ATFORK 1
| #define TCL_THREADS 1
| #define MODULE_SCOPE extern __attribute__((__visibility__("hidden")))
| #define HAVE_HIDDEN 1
| #define HAVE_CAST_TO_UNION 1
| #define TCL_SHLIB_EXT ".so"
| #define NDEBUG 1
| #define TCL_CFG_OPTIMIZED 1
| #define _LARGEFILE64_SOURCE 1
| #define TCL_WIDE_INT_IS_LONG 1
| #define HAVE_SYS_TIME_H 1
| #define TIME_WITH_SYS_TIME 1
| #define HAVE_INTPTR_T 1
| #define HAVE_UINTPTR_T 1
| #define HAVE_PW_GECOS 1
| #define HAVE_XKBKEYCODETOKEYSYM 1
| #define XKEYCODETOKEYSYM_IS_DEPRECATED 1
| /* end confdefs.h.  */
| 
| /* Override any gcc2 internal prototype to avoid an error.  */
| #ifdef __cplusplus
| extern "C"
| #endif
| /* We use char because int might match the return type of a gcc2
|    builtin and then its argument prototype would still apply.  */
| char XScreenSaverQueryInfo ();
| int
| main ()
| {
| XScreenSaverQueryInfo ();
|   ;
|   return 0;
| }
configure:10843: result: no
configure:10852: checking for XScreenSaverQueryInfo in -lXss
configure:10882: gcc -o conftest  -pipe    -Wl,--export-dynamic  conftest.c -lXss -lXext  -lpthread -lX11 >&5
configure:10888: $? = 0
configure:10892: test -z 
			 || test ! -s conftest.err
configure:10895: $? = 0
configure:10898: test -s conftest
configure:10901: $? = 0
configure:10914: result: yes
configure:10953: checking whether char is unsigned
configure:10976: gcc -c  -pipe  conftest.c >&5
configure:10982: $? = 0
configure:10986: test -z 
			 || test ! -s conftest.err
configure:10989: $? = 0
configure:10992: test -s conftest.o
configure:10995: $? = 0
configure:11006: result: no
configure:11380: creating ./config.status

## ---------------------- ##
## Running config.status. ##
## ---------------------- ##

This file was extended by tk config.status 8.6, which was
generated by GNU Autoconf 2.59.  Invocation command line was

  CONFIG_FILES    = 
  CONFIG_HEADERS  = 
  CONFIG_LINKS    = 
  CONFIG_COMMANDS = 
  $ ./config.status 

on 5decbd7a92aa

config.status:741: creating Makefile
config.status:741: creating tkConfig.sh
config.status:741: creating tk.pc

## ---------------- ##
## Cache variables. ##
## ---------------- ##

ac_cv_c_bigendian=no
ac_cv_c_char_unsigned=no
ac_cv_c_compiler_gnu=yes
ac_cv_c_inline=inline
ac_cv_c_tclconfig=/home/karel/.local_tcltk/lib
ac_cv_env_CC_set=
ac_cv_env_CC_value=
ac_cv_env_CFLAGS_set=
ac_cv_env_CFLAGS_value=
ac_cv_env_CPPFLAGS_set=
ac_cv_env_CPPFLAGS_value=
ac_cv_env_CPP_set=
ac_cv_env_CPP_value=
ac_cv_env_LDFLAGS_set=
ac_cv_env_LDFLAGS_value=
ac_cv_env_build_alias_set=
ac_cv_env_build_alias_value=
ac_cv_env_host_alias_set=
ac_cv_env_host_alias_value=
ac_cv_env_target_alias_set=
ac_cv_env_target_alias_value=
ac_cv_exeext=
ac_cv_func_XScreenSaverQueryInfo=no
ac_cv_func_pthread_atfork=yes
ac_cv_func_pthread_attr_setstacksize=yes
ac_cv_have_x='have_x=yes 		ac_x_includes= ac_x_libraries='
ac_cv_header_X11_XKBlib_h=yes
ac_cv_header_X11_extensions_scrnsaver_h=yes
ac_cv_header_inttypes_h=yes
ac_cv_header_memory_h=yes
ac_cv_header_stdc=yes
ac_cv_header_stdint_h=yes
ac_cv_header_stdlib_h=yes
ac_cv_header_string_h=yes
ac_cv_header_strings_h=yes
ac_cv_header_sys_stat_h=yes
ac_cv_header_sys_time_h=yes
ac_cv_header_sys_types_h=yes
ac_cv_header_time=yes
ac_cv_header_unistd_h=yes
ac_cv_lib_X11_XkbKeycodeToKeysym=yes
ac_cv_lib_Xbsd_main=no
ac_cv_lib_Xext_XScreenSaverQueryInfo=no
ac_cv_lib_Xss_XScreenSaverQueryInfo=yes
ac_cv_lib_dl_dlopen=yes
ac_cv_lib_pthread_pthread_mutex_init=yes
ac_cv_nolto=yes
ac_cv_objext=o
ac_cv_path_tclsh=/usr/bin/tclsh8.6
ac_cv_prog_CPP='gcc -E'
ac_cv_prog_ac_ct_AR=ar
ac_cv_prog_ac_ct_CC=gcc
ac_cv_prog_ac_ct_RANLIB=ranlib
ac_cv_prog_cc_g=yes
ac_cv_prog_cc_stdc=
ac_cv_prog_egrep='grep -E'
ac_cv_type_intptr_t=yes
ac_cv_type_mode_t=yes
ac_cv_type_pid_t=yes
ac_cv_type_size_t=yes
ac_cv_type_uid_t=yes
ac_cv_type_uintptr_t=yes
tcl_cv_cast_to_union=yes
tcl_cv_cc_pipe=yes
tcl_cv_cc_visibility_hidden=yes
tcl_cv_flag__isoc99_source=no
tcl_cv_flag__largefile64_source=yes
tcl_cv_flag__largefile_source64=no
tcl_cv_pwd_pw_gecos=yes
tcl_cv_sys_version=Linux-4.4.0-1101-aws
tcl_cv_type_64bit=none
tcl_cv_type_fd_set=yes

## ----------------- ##
## Output variables. ##
## ----------------- ##

APP_RSRC_FILE=''
AR='ar'
BUILD_TCLSH='/home/karel/.local_tcltk/lib/tclsh'
CC='gcc'
CC_SEARCH_FLAGS='"-Wl,-rpath,${LIB_RUNTIME_DIR}"'
CFBUNDLELOCALIZATIONS=''
CFLAGS=' -pipe '
CFLAGS_DEBUG='-g'
CFLAGS_DEFAULT='$(CFLAGS_OPTIMIZE)'
CFLAGS_NOLTO='-fno-lto'
CFLAGS_OPTIMIZE='-O2'
CFLAGS_WARNING='-Wall -Wpointer-arith'
CPP='gcc -E'
CPPFLAGS=''
DEFS='-DPACKAGE_NAME=\"tk\" -DPACKAGE_TARNAME=\"tk\" -DPACKAGE_VERSION=\"8.6\" -DPACKAGE_STRING=\"tk\ 8.6\" -DPACKAGE_BUGREPORT=\"\" -DSTDC_HEADERS=1 -DHAVE_SYS_TYPES_H=1 -DHAVE_SYS_STAT_H=1 -DHAVE_STDLIB_H=1 -DHAVE_STRING_H=1 -DHAVE_MEMORY_H=1 -DHAVE_STRINGS_H=1 -DHAVE_INTTYPES_H=1 -DHAVE_STDINT_H=1 -DHAVE_UNISTD_H=1 -DUSE_THREAD_ALLOC=1 -D_REENTRANT=1 -D_THREAD_SAFE=1 -DHAVE_PTHREAD_ATTR_SETSTACKSIZE=1 -DHAVE_PTHREAD_ATFORK=1 -DTCL_THREADS=1 -DMODULE_SCOPE=extern\ __attribute__\(\(__visibility__\(\"hidden\"\)\)\) -DHAVE_HIDDEN=1 -DHAVE_CAST_TO_UNION=1 -DTCL_SHLIB_EXT=\".so\" -DNDEBUG=1 -DTCL_CFG_OPTIMIZED=1 -D_LARGEFILE64_SOURCE=1 -DTCL_WIDE_INT_IS_LONG=1 -DHAVE_SYS_TIME_H=1 -DTIME_WITH_SYS_TIME=1 -DHAVE_INTPTR_T=1 -DHAVE_UINTPTR_T=1 -DHAVE_PW_GECOS=1 -DHAVE_XKBKEYCODETOKEYSYM=1 -DXKEYCODETOKEYSYM_IS_DEPRECATED=1 -DHAVE_XSS=1 '
DLL_INSTALL_DIR='$(LIB_INSTALL_DIR)'
DL_LIBS='-ldl'
DL_OBJS='tclLoadDl.o'
ECHO_C=''
ECHO_N='-n'
ECHO_T=''
EGREP='grep -E'
EXEEXT=''
EXTRA_APP_CC_SWITCHES=''
EXTRA_BUILD_HTML=''
EXTRA_CC_SWITCHES=''
EXTRA_INSTALL=''
EXTRA_INSTALL_BINARIES=''
EXTRA_WISH_LIBS=''
HTML_DIR='$(DISTDIR)/html'
INSTALL_LIB='$(INSTALL_LIBRARY) $(LIB_FILE) "$(LIB_INSTALL_DIR)/$(LIB_FILE)"'
INSTALL_STUB_LIB='$(INSTALL_LIBRARY) $(STUB_LIB_FILE) "$(LIB_INSTALL_DIR)/$(STUB_LIB_FILE)"'
LDAIX_SRC=''
LDFLAGS=' -Wl,--export-dynamic '
LDFLAGS_DEBUG=''
LDFLAGS_DEFAULT='$(LDFLAGS_OPTIMIZE)'
LDFLAGS_OPTIMIZE=''
LD_LIBRARY_PATH_VAR='LD_LIBRARY_PATH'
LD_SEARCH_FLAGS='"-Wl,-rpath,${LIB_RUNTIME_DIR}"'
LIBOBJS=''
LIBS=' -lpthread'
LIB_RSRC_FILE=''
LIB_RUNTIME_DIR='$(libdir)'
LOCALES='cs da de el en en_gb eo es fr hu it nl pl pt ru sv'
LTLIBOBJS=''
MAKE_LIB='${SHLIB_LD} -o $@ ${OBJS} ${LDFLAGS} ${SHLIB_LD_LIBS} ${TCL_SHLIB_LD_EXTRAS} ${TK_SHLIB_LD_EXTRAS} ${LD_SEARCH_FLAGS}'
MAKE_STUB_LIB='${STLIB_LD} $@ ${STUB_LIB_OBJS} ; ${RANLIB} $@'
MAN_FLAGS=''
OBJEXT='o'
PACKAGE_BUGREPORT=''
PACKAGE_NAME='tk'
PACKAGE_STRING='tk 8.6'
PACKAGE_TARNAME='tk'
PACKAGE_VERSION='8.6'
PATH_SEPARATOR=':'
PLAT_OBJS=''
PLAT_SRCS=''
PRIVATE_INCLUDE_DIR='$(includedir)'
RANLIB='ranlib'
REZ=''
REZ_FLAGS=''
SHARED_BUILD='1'
SHELL='/bin/bash'
SHLIB_CFLAGS='-fPIC'
SHLIB_LD='${CC} ${CFLAGS} ${LDFLAGS} -shared'
SHLIB_LD_LIBS='${LIBS} ${TCL_STUB_LIB_SPEC}'
SHLIB_SUFFIX='.so'
STLIB_LD='${AR} cr'
TCLSH_PROG='/usr/bin/tclsh8.6'
TCL_BIN_DIR='/home/karel/.local_tcltk/lib'
TCL_LIBS='-ldl -lz  -lpthread -lm'
TCL_LIB_FILE='libtcl8.6.so'
TCL_LIB_FLAG='-ltcl8.6'
TCL_LIB_SPEC='-L/home/karel/.local_tcltk/lib -ltcl8.6'
TCL_PATCH_LEVEL='.13'
TCL_SHLIB_LD_EXTRAS=''
TCL_SRC_DIR='/home/karel/.tcl8.6.13'
TCL_STUB_FLAGS='-DUSE_TCL_STUBS'
TCL_STUB_LIB_FILE='libtclstub8.6.a'
TCL_STUB_LIB_FLAG='-ltclstub8.6'
TCL_STUB_LIB_SPEC='-L/home/karel/.local_tcltk/lib -ltclstub8.6'
TCL_THREADS='1'
TCL_VERSION='8.6'
TK_BUILD_LIB_SPEC='-L/home/karel/.tk8.6.13/unix -ltk8.6'
TK_BUILD_STUB_LIB_PATH='/home/karel/.tk8.6.13/unix/libtkstub8.6.a'
TK_BUILD_STUB_LIB_SPEC='-L/home/karel/.tk8.6.13/unix -ltkstub8.6'
TK_INCLUDE_SPEC='-I/home/karel/.local_tcltk/include'
TK_LIBRARY='$(prefix)/lib/tk$(VERSION)'
TK_LIB_FILE='libtk8.6.so'
TK_LIB_FLAG='-ltk8.6'
TK_LIB_SPEC='-L/home/karel/.local_tcltk/lib -ltk8.6'
TK_MAJOR_VERSION='8'
TK_MINOR_VERSION='6'
TK_PATCH_LEVEL='.13'
TK_PKG_DIR='tk$(VERSION)'
TK_RSRC_FILE='tk$(VERSION).rsrc'
TK_SHARED_BUILD='1'
TK_SHLIB_LD_EXTRAS=''
TK_SRC_DIR='/home/karel/.tk8.6.13'
TK_STUB_LIB_FILE='libtkstub8.6.a'
TK_STUB_LIB_FLAG='-ltkstub8.6'
TK_STUB_LIB_PATH='/home/karel/.local_tcltk/lib/libtkstub8.6.a'
TK_STUB_LIB_SPEC='-L/home/karel/.local_tcltk/lib -ltkstub8.6'
TK_VERSION='8.6'
TK_WINDOWINGSYSTEM='X11'
TK_YEAR=''
UNIX_FONT_OBJS='tkUnixFont.o'
WISH_RSRC_FILE='wish$(VERSION).rsrc'
XFT_CFLAGS=''
XFT_LIBS=''
XINCLUDES=''
XLIBSW='-lX11 -lXss -lXext'
ac_ct_AR='ar'
ac_ct_CC='gcc'
ac_ct_RANLIB='ranlib'
bindir='${exec_prefix}/bin'
build_alias=''
datadir='${prefix}/share'
exec_prefix='/home/karel/.local_tcltk'
host_alias=''
includedir='${prefix}/include'
infodir='${prefix}/info'
libdir='/home/karel/.local_tcltk/lib'
libexecdir='${exec_prefix}/libexec'
localstatedir='${prefix}/var'
mandir='${prefix}/man'
oldincludedir='/usr/include'
prefix='/home/karel/.local_tcltk'
program_transform_name='s,x,x,'
sbindir='${exec_prefix}/sbin'
sharedstatedir='${prefix}/com'
sysconfdir='${prefix}/etc'
target_alias=''

## ----------- ##
## confdefs.h. ##
## ----------- ##

#define HAVE_CAST_TO_UNION 1
#define HAVE_HIDDEN 1
#define HAVE_INTPTR_T 1
#define HAVE_INTTYPES_H 1
#define HAVE_MEMORY_H 1
#define HAVE_PTHREAD_ATFORK 1
#define HAVE_PTHREAD_ATTR_SETSTACKSIZE 1
#define HAVE_PW_GECOS 1
#define HAVE_STDINT_H 1
#define HAVE_STDLIB_H 1
#define HAVE_STRINGS_H 1
#define HAVE_STRING_H 1
#define HAVE_SYS_STAT_H 1
#define HAVE_SYS_TIME_H 1
#define HAVE_SYS_TYPES_H 1
#define HAVE_UINTPTR_T 1
#define HAVE_UNISTD_H 1
#define HAVE_XKBKEYCODETOKEYSYM 1
#define HAVE_XSS 1
#define MODULE_SCOPE extern __attribute__((__visibility__("hidden")))
#define NDEBUG 1
#define PACKAGE_BUGREPORT ""
#define PACKAGE_NAME "tk"
#define PACKAGE_STRING "tk 8.6"
#define PACKAGE_TARNAME "tk"
#define PACKAGE_VERSION "8.6"
#define STDC_HEADERS 1
#define TCL_CFG_OPTIMIZED 1
#define TCL_SHLIB_EXT ".so"
#define TCL_THREADS 1
#define TCL_WIDE_INT_IS_LONG 1
#define TIME_WITH_SYS_TIME 1
#define USE_THREAD_ALLOC 1
#define XKEYCODETOKEYSYM_IS_DEPRECATED 1
#define _LARGEFILE64_SOURCE 1
#define _REENTRANT 1
#define _THREAD_SAFE 1

configure: exit 0
