This file contains any messages produced by compilers while
running configure, to aid debugging if configure makes a mistake.

It was created by thread configure 2.8.8, which was
generated by GNU Autoconf 2.71.  Invocation command line was

  $ /home/karel/.tcl8.6.13/pkgs/thread2.8.8/configure --with-tcl=../.. --with-tclinclude=/home/karel/.tcl8.6.13/generic --prefix=/home/karel/.local_tcltk --libdir=/home/karel/.local_tcltk/lib --enable-shared --enable-threads

## --------- ##
## Platform. ##
## --------- ##

hostname = 5decbd7a92aa
uname -m = x86_64
uname -r = 4.4.0-1101-aws
uname -s = Linux
uname -v = #112-Ubuntu SMP Thu Jan 9 11:27:02 UTC 2020

/usr/bin/uname -p = x86_64
/bin/uname -X     = unknown

/bin/arch              = x86_64
/usr/bin/arch -k       = unknown
/usr/convex/getsysinfo = unknown
/usr/bin/hostinfo      = unknown
/bin/machine           = unknown
/usr/bin/oslevel       = unknown
/bin/universe          = unknown

PATH: /home/karel/.pyvenv311/bin/
PATH: /home/karel/.pyenv/shims/
PATH: /home/karel/.pyenv/bin/
PATH: /home/karel/.jenv/shims/
PATH: /home/karel/.dotnet/
PATH: /usr/local/jenv/bin/
PATH: /usr/bin/python3.11/
PATH: /usr/local/sbin/
PATH: /usr/local/bin/
PATH: /usr/sbin/
PATH: /usr/bin/
PATH: /sbin/
PATH: /bin/


## ----------- ##
## Core tests. ##
## ----------- ##

configure:2470: checking TEA configuration
configure:2476: result: ok (TEA 3.13)
configure:2562: configuring thread 2.8.8
configure:2594: checking system version
configure:2621: result: Linux-4.4.0-1101-aws
configure:2670: checking for Tcl configuration
configure:2803: result: found /home/karel/.tcl8.6.13/unix/tclConfig.sh
configure:2870: checking for gcc
configure:2891: found /usr/bin/gcc
configure:2902: result: gcc
configure:3255: checking for C compiler version
configure:3264: gcc --version >&5
gcc (Ubuntu 11.4.0-1ubuntu1~22.04) 11.4.0
Copyright (C) 2021 Free Software Foundation, Inc.
This is free software; see the source for copying conditions.  There is NO
warranty; not even for MERCHANTABILITY or FITNESS FOR A PARTICULAR PURPOSE.

configure:3275: $? = 0
configure:3264: gcc -v >&5
Using built-in specs.
COLLECT_GCC=gcc
COLLECT_LTO_WRAPPER=/usr/lib/gcc/x86_64-linux-gnu/11/lto-wrapper
OFFLOAD_TARGET_NAMES=nvptx-none:amdgcn-amdhsa
OFFLOAD_TARGET_DEFAULT=1
Target: x86_64-linux-gnu
Configured with: ../src/configure -v --with-pkgversion='Ubuntu 11.4.0-1ubuntu1~22.04' --with-bugurl=file:///usr/share/doc/gcc-11/README.Bugs --enable-languages=c,ada,c++,go,brig,d,fortran,objc,obj-c++,m2 --prefix=/usr --with-gcc-major-version-only --program-suffix=-11 --program-prefix=x86_64-linux-gnu- --enable-shared --enable-linker-build-id --libexecdir=/usr/lib --without-included-gettext --enable-threads=posix --libdir=/usr/lib --enable-nls --enable-bootstrap --enable-clocale=gnu --enable-libstdcxx-debug --enable-libstdcxx-time=yes --with-default-libstdcxx-abi=new --enable-gnu-unique-object --disable-vtable-verify --enable-plugin --enable-default-pie --with-system-zlib --enable-libphobos-checking=release --with-target-system-zlib=auto --enable-objc-gc=auto --enable-multiarch --disable-werror --enable-cet --with-arch-32=i686 --with-abi=m64 --with-multilib-list=m32,m64,mx32 --enable-multilib --with-tune=generic --enable-offload-targets=nvptx-none=/build/gcc-11-XeT9lY/gcc-11-11.4.0/debian/tmp-nvptx/usr,amdgcn-amdhsa=/build/gcc-11-XeT9lY/gcc-11-11.4.0/debian/tmp-gcn/usr --without-cuda-driver --enable-checking=release --build=x86_64-linux-gnu --host=x86_64-linux-gnu --target=x86_64-linux-gnu --with-build-config=bootstrap-lto-lean --enable-link-serialization=2
Thread model: posix
Supported LTO compression algorithms: zlib zstd
gcc version 11.4.0 (Ubuntu 11.4.0-1ubuntu1~22.04) 
... rest of stderr output deleted ...
configure:3275: $? = 0
configure:3264: gcc -V >&5
gcc: error: unrecognized command-line option '-V'
gcc: fatal error: no input files
compilation terminated.
configure:3275: $? = 1
configure:3264: gcc -qversion >&5
gcc: error: unrecognized command-line option '-qversion'; did you mean '--version'?
gcc: fatal error: no input files
compilation terminated.
configure:3275: $? = 1
configure:3264: gcc -version >&5
gcc: error: unrecognized command-line option '-version'
gcc: fatal error: no input files
compilation terminated.
configure:3275: $? = 1
configure:3295: checking whether the C compiler works
configure:3317: gcc    conftest.c  >&5
configure:3321: $? = 0
configure:3371: result: yes
configure:3374: checking for C compiler default output file name
configure:3376: result: a.out
configure:3382: checking for suffix of executables
configure:3389: gcc -o conftest    conftest.c  >&5
configure:3393: $? = 0
configure:3416: result: 
configure:3438: checking whether we are cross compiling
configure:3446: gcc -o conftest    conftest.c  >&5
configure:3450: $? = 0
configure:3457: ./conftest
configure:3461: $? = 0
configure:3476: result: no
configure:3481: checking for suffix of object files
configure:3504: gcc -c   conftest.c >&5
configure:3508: $? = 0
configure:3530: result: o
configure:3534: checking whether the compiler supports GNU C
configure:3554: gcc -c   conftest.c >&5
configure:3554: $? = 0
configure:3564: result: yes
configure:3575: checking whether gcc accepts -g
configure:3596: gcc -c -g  conftest.c >&5
configure:3596: $? = 0
configure:3640: result: yes
configure:3660: checking for gcc option to enable C11 features
configure:3675: gcc  -c   conftest.c >&5
configure:3675: $? = 0
configure:3693: result: none needed
configure:3805: checking for existence of /home/karel/.tcl8.6.13/unix/tclConfig.sh
configure:3809: result: loading
configure:3863: checking platform
configure:3881: gcc -c   conftest.c >&5
configure:3881: $? = 0
configure:3938: result: unix
configure:3998: --exec-prefix defaulting to TCL_EXEC_PREFIX /home/karel/.local_tcltk
configure:4073: checking for gcc
configure:4105: result: gcc
configure:4458: checking for C compiler version
configure:4467: gcc --version >&5
gcc (Ubuntu 11.4.0-1ubuntu1~22.04) 11.4.0
Copyright (C) 2021 Free Software Foundation, Inc.
This is free software; see the source for copying conditions.  There is NO
warranty; not even for MERCHANTABILITY or FITNESS FOR A PARTICULAR PURPOSE.

configure:4478: $? = 0
configure:4467: gcc -v >&5
Using built-in specs.
COLLECT_GCC=gcc
COLLECT_LTO_WRAPPER=/usr/lib/gcc/x86_64-linux-gnu/11/lto-wrapper
OFFLOAD_TARGET_NAMES=nvptx-none:amdgcn-amdhsa
OFFLOAD_TARGET_DEFAULT=1
Target: x86_64-linux-gnu
Configured with: ../src/configure -v --with-pkgversion='Ubuntu 11.4.0-1ubuntu1~22.04' --with-bugurl=file:///usr/share/doc/gcc-11/README.Bugs --enable-languages=c,ada,c++,go,brig,d,fortran,objc,obj-c++,m2 --prefix=/usr --with-gcc-major-version-only --program-suffix=-11 --program-prefix=x86_64-linux-gnu- --enable-shared --enable-linker-build-id --libexecdir=/usr/lib --without-included-gettext --enable-threads=posix --libdir=/usr/lib --enable-nls --enable-bootstrap --enable-clocale=gnu --enable-libstdcxx-debug --enable-libstdcxx-time=yes --with-default-libstdcxx-abi=new --enable-gnu-unique-object --disable-vtable-verify --enable-plugin --enable-default-pie --with-system-zlib --enable-libphobos-checking=release --with-target-system-zlib=auto --enable-objc-gc=auto --enable-multiarch --disable-werror --enable-cet --with-arch-32=i686 --with-abi=m64 --with-multilib-list=m32,m64,mx32 --enable-multilib --with-tune=generic --enable-offload-targets=nvptx-none=/build/gcc-11-XeT9lY/gcc-11-11.4.0/debian/tmp-nvptx/usr,amdgcn-amdhsa=/build/gcc-11-XeT9lY/gcc-11-11.4.0/debian/tmp-gcn/usr --without-cuda-driver --enable-checking=release --build=x86_64-linux-gnu --host=x86_64-linux-gnu --target=x86_64-linux-gnu --with-build-config=bootstrap-lto-lean --enable-link-serialization=2
Thread model: posix
Supported LTO compression algorithms: zlib zstd
gcc version 11.4.0 (Ubuntu 11.4.0-1ubuntu1~22.04) 
... rest of stderr output deleted ...
configure:4478: $? = 0
configure:4467: gcc -V >&5
gcc: error: unrecognized command-line option '-V'
gcc: fatal error: no input files
compilation terminated.
configure:4478: $? = 1
configure:4467: gcc -qversion >&5
gcc: error: unrecognized command-line option '-qversion'; did you mean '--version'?
gcc: fatal error: no input files
compilation terminated.
configure:4478: $? = 1
configure:4467: gcc -version >&5
gcc: error: unrecognized command-line option '-version'
gcc: fatal error: no input files
compilation terminated.
configure:4478: $? = 1
configure:4482: checking whether the compiler supports GNU C
configure:4512: result: yes
configure:4523: checking whether gcc accepts -g
configure:4588: result: yes
configure:4608: checking for gcc option to enable C11 features
configure:4641: result: none needed
configure:4756: checking how to run the C preprocessor
configure:4782: gcc -E  conftest.c
configure:4782: $? = 0
configure:4797: gcc -E  conftest.c
conftest.c:10:10: fatal error: ac_nonexistent.h: No such file or directory
   10 | #include <ac_nonexistent.h>
      |          ^~~~~~~~~~~~~~~~~~
compilation terminated.
configure:4797: $? = 1
configure: failed program was:
| /* confdefs.h */
| #define PACKAGE_NAME "thread"
| #define PACKAGE_TARNAME "thread"
| #define PACKAGE_VERSION "2.8.8"
| #define PACKAGE_STRING "thread 2.8.8"
| #define PACKAGE_BUGREPORT ""
| #define PACKAGE_URL ""
| #define BUILD_thread /**/
| /* end confdefs.h.  */
| #include <ac_nonexistent.h>
configure:4824: result: gcc -E
configure:4838: gcc -E  conftest.c
configure:4838: $? = 0
configure:4853: gcc -E  conftest.c
conftest.c:10:10: fatal error: ac_nonexistent.h: No such file or directory
   10 | #include <ac_nonexistent.h>
      |          ^~~~~~~~~~~~~~~~~~
compilation terminated.
configure:4853: $? = 1
configure: failed program was:
| /* confdefs.h */
| #define PACKAGE_NAME "thread"
| #define PACKAGE_TARNAME "thread"
| #define PACKAGE_VERSION "2.8.8"
| #define PACKAGE_STRING "thread 2.8.8"
| #define PACKAGE_BUGREPORT ""
| #define PACKAGE_URL ""
| #define BUILD_thread /**/
| /* end confdefs.h.  */
| #include <ac_nonexistent.h>
configure:4888: checking whether make sets $(MAKE)
configure:4911: result: yes
configure:4973: checking for ranlib
configure:4994: found /usr/bin/ranlib
configure:5005: result: ranlib
configure:5039: checking for stdio.h
configure:5039: gcc -c   conftest.c >&5
configure:5039: $? = 0
configure:5039: result: yes
configure:5039: checking for stdlib.h
configure:5039: gcc -c   conftest.c >&5
configure:5039: $? = 0
configure:5039: result: yes
configure:5039: checking for string.h
configure:5039: gcc -c   conftest.c >&5
configure:5039: $? = 0
configure:5039: result: yes
configure:5039: checking for inttypes.h
configure:5039: gcc -c   conftest.c >&5
configure:5039: $? = 0
configure:5039: result: yes
configure:5039: checking for stdint.h
configure:5039: gcc -c   conftest.c >&5
configure:5039: $? = 0
configure:5039: result: yes
configure:5039: checking for strings.h
configure:5039: gcc -c   conftest.c >&5
configure:5039: $? = 0
configure:5039: result: yes
configure:5039: checking for sys/stat.h
configure:5039: gcc -c   conftest.c >&5
configure:5039: $? = 0
configure:5039: result: yes
configure:5039: checking for sys/types.h
configure:5039: gcc -c   conftest.c >&5
configure:5039: $? = 0
configure:5039: result: yes
configure:5039: checking for unistd.h
configure:5039: gcc -c   conftest.c >&5
configure:5039: $? = 0
configure:5039: result: yes
configure:5074: checking if the compiler understands -pipe
configure:5093: gcc -c  -pipe  conftest.c >&5
configure:5093: $? = 0
configure:5102: result: yes
configure:5113: checking whether byte ordering is bigendian
configure:5129: gcc -c  -pipe  conftest.c >&5
conftest.c:21:16: error: unknown type name 'not'
   21 |                not a universal capable compiler
      |                ^~~
conftest.c:21:22: error: expected '=', ',', ';', 'asm' or '__attribute__' before 'universal'
   21 |                not a universal capable compiler
      |                      ^~~~~~~~~
conftest.c:21:22: error: unknown type name 'universal'
configure:5129: $? = 1
configure: failed program was:
| /* confdefs.h */
| #define PACKAGE_NAME "thread"
| #define PACKAGE_TARNAME "thread"
| #define PACKAGE_VERSION "2.8.8"
| #define PACKAGE_STRING "thread 2.8.8"
| #define PACKAGE_BUGREPORT ""
| #define PACKAGE_URL ""
| #define BUILD_thread /**/
| #define HAVE_STDIO_H 1
| #define HAVE_STDLIB_H 1
| #define HAVE_STRING_H 1
| #define HAVE_INTTYPES_H 1
| #define HAVE_STDINT_H 1
| #define HAVE_STRINGS_H 1
| #define HAVE_SYS_STAT_H 1
| #define HAVE_SYS_TYPES_H 1
| #define HAVE_UNISTD_H 1
| #define STDC_HEADERS 1
| /* end confdefs.h.  */
| #ifndef __APPLE_CC__
| 	       not a universal capable compiler
| 	     #endif
| 	     typedef int dummy;
| 
configure:5175: gcc -c  -pipe  conftest.c >&5
configure:5175: $? = 0
configure:5194: gcc -c  -pipe  conftest.c >&5
conftest.c: In function 'main':
conftest.c:27:18: error: unknown type name 'not'; did you mean 'ino_t'?
   27 |                  not big endian
      |                  ^~~
      |                  ino_t
conftest.c:27:26: error: expected '=', ',', ';', 'asm' or '__attribute__' before 'endian'
   27 |                  not big endian
      |                          ^~~~~~
configure:5194: $? = 1
configure: failed program was:
| /* confdefs.h */
| #define PACKAGE_NAME "thread"
| #define PACKAGE_TARNAME "thread"
| #define PACKAGE_VERSION "2.8.8"
| #define PACKAGE_STRING "thread 2.8.8"
| #define PACKAGE_BUGREPORT ""
| #define PACKAGE_URL ""
| #define BUILD_thread /**/
| #define HAVE_STDIO_H 1
| #define HAVE_STDLIB_H 1
| #define HAVE_STRING_H 1
| #define HAVE_INTTYPES_H 1
| #define HAVE_STDINT_H 1
| #define HAVE_STRINGS_H 1
| #define HAVE_SYS_STAT_H 1
| #define HAVE_SYS_TYPES_H 1
| #define HAVE_UNISTD_H 1
| #define STDC_HEADERS 1
| /* end confdefs.h.  */
| #include <sys/types.h>
| 		#include <sys/param.h>
| 
| int
| main (void)
| {
| #if BYTE_ORDER != BIG_ENDIAN
| 		 not big endian
| 		#endif
| 
|   ;
|   return 0;
| }
configure:5328: result: no
configure:5499: checking for NaviServer/AOLserver configuration
configure:5526: result: none found
configure:5739: checking for Tcl public headers
configure:5812: result: /home/karel/.tcl8.6.13/generic
configure:5874: checking for pthread_mutex_init in -lpthread
configure:5897: gcc -o conftest  -pipe   conftest.c -lpthread   >&5
configure:5897: $? = 0
configure:5907: result: yes
configure:6117: checking for building with threads
configure:6123: result: yes (default)
configure:6152: checking how to build libraries
configure:6188: result: shared
configure:6277: checking for ranlib
configure:6309: result: ranlib
configure:6336: checking if 64bit support is requested
configure:6346: result: no
configure:6351: checking if 64bit Sparc VIS support is requested
configure:6361: result: no
configure:6372: checking if compiler supports visibility "hidden"
configure:6393: gcc -o conftest  -pipe -Werror   conftest.c  >&5
configure:6393: $? = 0
configure:6403: result: yes
configure:6419: checking if rpath support is requested
configure:6429: result: yes
configure:6436: checking system version
configure:6463: result: Linux-4.4.0-1101-aws
configure:6549: checking for ar
configure:6570: found /usr/bin/ar
configure:6581: result: ar
configure:8311: checking for cast to union support
configure:8331: gcc -c  -pipe  conftest.c >&5
configure:8331: $? = 0
configure:8340: result: yes
configure:8348: checking for stdbool.h
configure:8348: gcc -c  -pipe  conftest.c >&5
configure:8348: $? = 0
configure:8348: result: yes
configure:8374: checking for required early compiler flags
configure:8393: gcc -c  -pipe  conftest.c >&5
configure:8393: $? = 0
configure:8443: gcc -c  -pipe  conftest.c >&5
conftest.c: In function 'main':
conftest.c:34:15: error: storage size of 'buf' isn't known
   34 | struct stat64 buf; int i = stat64("/", &buf);
      |               ^~~
conftest.c:34:28: warning: implicit declaration of function 'stat64'; did you mean 'stat'? [-Wimplicit-function-declaration]
   34 | struct stat64 buf; int i = stat64("/", &buf);
      |                            ^~~~~~
      |                            stat
configure:8443: $? = 1
configure: failed program was:
| /* confdefs.h */
| #define PACKAGE_NAME "thread"
| #define PACKAGE_TARNAME "thread"
| #define PACKAGE_VERSION "2.8.8"
| #define PACKAGE_STRING "thread 2.8.8"
| #define PACKAGE_BUGREPORT ""
| #define PACKAGE_URL ""
| #define BUILD_thread /**/
| #define HAVE_STDIO_H 1
| #define HAVE_STDLIB_H 1
| #define HAVE_STRING_H 1
| #define HAVE_INTTYPES_H 1
| #define HAVE_STDINT_H 1
| #define HAVE_STRINGS_H 1
| #define HAVE_SYS_STAT_H 1
| #define HAVE_SYS_TYPES_H 1
| #define HAVE_UNISTD_H 1
| #define STDC_HEADERS 1
| #define USE_THREAD_ALLOC 1
| #define _REENTRANT 1
| #define _THREAD_SAFE 1
| #define TCL_THREADS 1
| #define USE_TCL_STUBS 1
| #define USE_TCLOO_STUBS 1
| #define MODULE_SCOPE extern __attribute__((__visibility__("hidden")))
| #define HAVE_HIDDEN 1
| #define HAVE_CAST_TO_UNION 1
| #define HAVE_STDBOOL_H 1
| /* end confdefs.h.  */
| #include <sys/stat.h>
| int
| main (void)
| {
| struct stat64 buf; int i = stat64("/", &buf);
|   ;
|   return 0;
| }
configure:8459: gcc -c  -pipe  conftest.c >&5
configure:8459: $? = 0
configure:8493: gcc -c  -pipe  conftest.c >&5
conftest.c: In function 'main':
conftest.c:35:19: error: 'open64' undeclared (first use in this function)
   35 | char *p = (char *)open64;
      |                   ^~~~~~
conftest.c:35:19: note: each undeclared identifier is reported only once for each function it appears in
configure:8493: $? = 1
configure: failed program was:
| /* confdefs.h */
| #define PACKAGE_NAME "thread"
| #define PACKAGE_TARNAME "thread"
| #define PACKAGE_VERSION "2.8.8"
| #define PACKAGE_STRING "thread 2.8.8"
| #define PACKAGE_BUGREPORT ""
| #define PACKAGE_URL ""
| #define BUILD_thread /**/
| #define HAVE_STDIO_H 1
| #define HAVE_STDLIB_H 1
| #define HAVE_STRING_H 1
| #define HAVE_INTTYPES_H 1
| #define HAVE_STDINT_H 1
| #define HAVE_STRINGS_H 1
| #define HAVE_SYS_STAT_H 1
| #define HAVE_SYS_TYPES_H 1
| #define HAVE_UNISTD_H 1
| #define STDC_HEADERS 1
| #define USE_THREAD_ALLOC 1
| #define _REENTRANT 1
| #define _THREAD_SAFE 1
| #define TCL_THREADS 1
| #define USE_TCL_STUBS 1
| #define USE_TCLOO_STUBS 1
| #define MODULE_SCOPE extern __attribute__((__visibility__("hidden")))
| #define HAVE_HIDDEN 1
| #define HAVE_CAST_TO_UNION 1
| #define HAVE_STDBOOL_H 1
| #define _LARGEFILE64_SOURCE 1
| /* end confdefs.h.  */
| #include <sys/stat.h>
| int
| main (void)
| {
| char *p = (char *)open64;
|   ;
|   return 0;
| }
configure:8509: gcc -c  -pipe  conftest.c >&5
conftest.c: In function 'main':
conftest.c:36:19: error: 'open64' undeclared (first use in this function)
   36 | char *p = (char *)open64;
      |                   ^~~~~~
conftest.c:36:19: note: each undeclared identifier is reported only once for each function it appears in
configure:8509: $? = 1
configure: failed program was:
| /* confdefs.h */
| #define PACKAGE_NAME "thread"
| #define PACKAGE_TARNAME "thread"
| #define PACKAGE_VERSION "2.8.8"
| #define PACKAGE_STRING "thread 2.8.8"
| #define PACKAGE_BUGREPORT ""
| #define PACKAGE_URL ""
| #define BUILD_thread /**/
| #define HAVE_STDIO_H 1
| #define HAVE_STDLIB_H 1
| #define HAVE_STRING_H 1
| #define HAVE_INTTYPES_H 1
| #define HAVE_STDINT_H 1
| #define HAVE_STRINGS_H 1
| #define HAVE_SYS_STAT_H 1
| #define HAVE_SYS_TYPES_H 1
| #define HAVE_UNISTD_H 1
| #define STDC_HEADERS 1
| #define USE_THREAD_ALLOC 1
| #define _REENTRANT 1
| #define _THREAD_SAFE 1
| #define TCL_THREADS 1
| #define USE_TCL_STUBS 1
| #define USE_TCLOO_STUBS 1
| #define MODULE_SCOPE extern __attribute__((__visibility__("hidden")))
| #define HAVE_HIDDEN 1
| #define HAVE_CAST_TO_UNION 1
| #define HAVE_STDBOOL_H 1
| #define _LARGEFILE64_SOURCE 1
| /* end confdefs.h.  */
| #define _LARGEFILE_SOURCE64 1
| #include <sys/stat.h>
| int
| main (void)
| {
| char *p = (char *)open64;
|   ;
|   return 0;
| }
configure:8531: result:  _LARGEFILE64_SOURCE
configure:8536: checking for 64-bit integer type
configure:8556: gcc -c  -pipe  conftest.c >&5
conftest.c: In function 'main':
conftest.c:35:1: error: unknown type name '__int64'
   35 | __int64 value = (__int64) 0;
      | ^~~~~~~
conftest.c:35:18: error: '__int64' undeclared (first use in this function)
   35 | __int64 value = (__int64) 0;
      |                  ^~~~~~~
conftest.c:35:18: note: each undeclared identifier is reported only once for each function it appears in
conftest.c:35:27: error: expected ',' or ';' before numeric constant
   35 | __int64 value = (__int64) 0;
      |                           ^
configure:8556: $? = 1
configure: failed program was:
| /* confdefs.h */
| #define PACKAGE_NAME "thread"
| #define PACKAGE_TARNAME "thread"
| #define PACKAGE_VERSION "2.8.8"
| #define PACKAGE_STRING "thread 2.8.8"
| #define PACKAGE_BUGREPORT ""
| #define PACKAGE_URL ""
| #define BUILD_thread /**/
| #define HAVE_STDIO_H 1
| #define HAVE_STDLIB_H 1
| #define HAVE_STRING_H 1
| #define HAVE_INTTYPES_H 1
| #define HAVE_STDINT_H 1
| #define HAVE_STRINGS_H 1
| #define HAVE_SYS_STAT_H 1
| #define HAVE_SYS_TYPES_H 1
| #define HAVE_UNISTD_H 1
| #define STDC_HEADERS 1
| #define USE_THREAD_ALLOC 1
| #define _REENTRANT 1
| #define _THREAD_SAFE 1
| #define TCL_THREADS 1
| #define USE_TCL_STUBS 1
| #define USE_TCLOO_STUBS 1
| #define MODULE_SCOPE extern __attribute__((__visibility__("hidden")))
| #define HAVE_HIDDEN 1
| #define HAVE_CAST_TO_UNION 1
| #define HAVE_STDBOOL_H 1
| #define _LARGEFILE64_SOURCE 1
| /* end confdefs.h.  */
| 
| int
| main (void)
| {
| __int64 value = (__int64) 0;
|   ;
|   return 0;
| }
configure:8579: gcc -c  -pipe  conftest.c >&5
conftest.c: In function 'main':
conftest.c:36:21: error: duplicate case value
   36 |             case 1: case (sizeof(long long)==sizeof(long)): ;
      |                     ^~~~
conftest.c:36:13: note: previously used here
   36 |             case 1: case (sizeof(long long)==sizeof(long)): ;
      |             ^~~~
configure:8579: $? = 1
configure: failed program was:
| /* confdefs.h */
| #define PACKAGE_NAME "thread"
| #define PACKAGE_TARNAME "thread"
| #define PACKAGE_VERSION "2.8.8"
| #define PACKAGE_STRING "thread 2.8.8"
| #define PACKAGE_BUGREPORT ""
| #define PACKAGE_URL ""
| #define BUILD_thread /**/
| #define HAVE_STDIO_H 1
| #define HAVE_STDLIB_H 1
| #define HAVE_STRING_H 1
| #define HAVE_INTTYPES_H 1
| #define HAVE_STDINT_H 1
| #define HAVE_STRINGS_H 1
| #define HAVE_SYS_STAT_H 1
| #define HAVE_SYS_TYPES_H 1
| #define HAVE_UNISTD_H 1
| #define STDC_HEADERS 1
| #define USE_THREAD_ALLOC 1
| #define _REENTRANT 1
| #define _THREAD_SAFE 1
| #define TCL_THREADS 1
| #define USE_TCL_STUBS 1
| #define USE_TCLOO_STUBS 1
| #define MODULE_SCOPE extern __attribute__((__visibility__("hidden")))
| #define HAVE_HIDDEN 1
| #define HAVE_CAST_TO_UNION 1
| #define HAVE_STDBOOL_H 1
| #define _LARGEFILE64_SOURCE 1
| /* end confdefs.h.  */
| 
| int
| main (void)
| {
| switch (0) {
|             case 1: case (sizeof(long long)==sizeof(long)): ;
|         }
|   ;
|   return 0;
| }
configure:8590: result: yes
configure:8775: checking for build with symbols
configure:8788: result: no
configure:8852: checking for grep that handles long lines and -e
configure:8916: result: /usr/bin/grep
configure:8921: checking for egrep
configure:8989: result: /usr/bin/grep -E
configure:9125: checking for tclsh
configure:9160: result: /home/karel/.tcl8.6.13/unix/tclsh
configure:9318: creating ./config.status

## ---------------------- ##
## Running config.status. ##
## ---------------------- ##

This file was extended by thread config.status 2.8.8, which was
generated by GNU Autoconf 2.71.  Invocation command line was

  CONFIG_FILES    = 
  CONFIG_HEADERS  = 
  CONFIG_LINKS    = 
  CONFIG_COMMANDS = 
  $ ./config.status 

on 5decbd7a92aa

config.status:799: creating Makefile
config.status:799: creating pkgIndex.tcl

## ---------------- ##
## Cache variables. ##
## ---------------- ##

ac_cv_c_bigendian=no
ac_cv_c_compiler_gnu=yes
ac_cv_c_tclconfig=/home/karel/.tcl8.6.13/unix
ac_cv_c_tclh=/home/karel/.tcl8.6.13/generic
ac_cv_env_CC_set=
ac_cv_env_CC_value=
ac_cv_env_CFLAGS_set=
ac_cv_env_CFLAGS_value=
ac_cv_env_CPPFLAGS_set=
ac_cv_env_CPPFLAGS_value=
ac_cv_env_CPP_set=
ac_cv_env_CPP_value=
ac_cv_env_LDFLAGS_set=
ac_cv_env_LDFLAGS_value=
ac_cv_env_LIBS_set=
ac_cv_env_LIBS_value=
ac_cv_env_build_alias_set=
ac_cv_env_build_alias_value=
ac_cv_env_host_alias_set=
ac_cv_env_host_alias_value=
ac_cv_env_target_alias_set=
ac_cv_env_target_alias_value=
ac_cv_header_inttypes_h=yes
ac_cv_header_stdbool_h=yes
ac_cv_header_stdint_h=yes
ac_cv_header_stdio_h=yes
ac_cv_header_stdlib_h=yes
ac_cv_header_string_h=yes
ac_cv_header_strings_h=yes
ac_cv_header_sys_stat_h=yes
ac_cv_header_sys_types_h=yes
ac_cv_header_unistd_h=yes
ac_cv_lib_pthread_pthread_mutex_init=yes
ac_cv_objext=o
ac_cv_path_EGREP='/usr/bin/grep -E'
ac_cv_path_GREP=/usr/bin/grep
ac_cv_prog_CPP='gcc -E'
ac_cv_prog_ac_ct_AR=ar
ac_cv_prog_ac_ct_CC=gcc
ac_cv_prog_ac_ct_RANLIB=ranlib
ac_cv_prog_cc_c11=
ac_cv_prog_cc_g=yes
ac_cv_prog_cc_stdc=
ac_cv_prog_make_make_set=yes
tcl_cv_cast_to_union=yes
tcl_cv_cc_pipe=yes
tcl_cv_cc_visibility_hidden=yes
tcl_cv_flag__isoc99_source=no
tcl_cv_flag__largefile64_source=yes
tcl_cv_flag__largefile_source64=no
tcl_cv_sys_version=Linux-4.4.0-1101-aws
tcl_cv_type_64bit=none

## ----------------- ##
## Output variables. ##
## ----------------- ##

AR='ar'
CC='gcc'
CFLAGS=' -pipe ${CFLAGS_DEFAULT} ${CFLAGS_WARNING} ${SHLIB_CFLAGS} '
CFLAGS_DEBUG='-g'
CFLAGS_DEFAULT='-O2 -fomit-frame-pointer -DNDEBUG'
CFLAGS_OPTIMIZE='-O2 -fomit-frame-pointer'
CFLAGS_WARNING='-Wall'
CLEANFILES=''
CPP='gcc -E'
CPPFLAGS=''
CYGPATH='echo'
DEFS='-DPACKAGE_NAME=\"thread\" -DPACKAGE_TARNAME=\"thread\" -DPACKAGE_VERSION=\"2.8.8\" -DPACKAGE_STRING=\"thread\ 2.8.8\" -DPACKAGE_BUGREPORT=\"\" -DPACKAGE_URL=\"\" -DBUILD_thread=/\*\*/ -DHAVE_STDIO_H=1 -DHAVE_STDLIB_H=1 -DHAVE_STRING_H=1 -DHAVE_INTTYPES_H=1 -DHAVE_STDINT_H=1 -DHAVE_STRINGS_H=1 -DHAVE_SYS_STAT_H=1 -DHAVE_SYS_TYPES_H=1 -DHAVE_UNISTD_H=1 -DSTDC_HEADERS=1 -DUSE_THREAD_ALLOC=1 -D_REENTRANT=1 -D_THREAD_SAFE=1 -DTCL_THREADS=1 -DUSE_TCL_STUBS=1 -DUSE_TCLOO_STUBS=1 -DMODULE_SCOPE=extern\ __attribute__\(\(__visibility__\(\"hidden\"\)\)\) -DHAVE_HIDDEN=1 -DHAVE_CAST_TO_UNION=1 -DHAVE_STDBOOL_H=1 -D_LARGEFILE64_SOURCE=1 -DTCL_WIDE_INT_IS_LONG=1 -DTCL_CFG_OPTIMIZED=1 -DUSE_TCL_STUBS=1 -DTCL_TIP143=1 -DTCL_TIP285=1 -DTCL_MAJOR_VERSION=8'
ECHO_C=''
ECHO_N='-n'
ECHO_T=''
EGREP='/usr/bin/grep -E'
EXEEXT=''
GREP='/usr/bin/grep'
INSTALL='$(SHELL) $(srcdir)/tclconfig/install-sh -c'
INSTALL_DATA='${INSTALL} -m 644'
INSTALL_DATA_DIR='${INSTALL} -d -m 755'
INSTALL_LIBRARY='${INSTALL} -m 644'
INSTALL_PROGRAM='${INSTALL} -m 755'
INSTALL_SCRIPT='${INSTALL} -m 755'
LDFLAGS=' -Wl,--export-dynamic '
LDFLAGS_DEBUG=''
LDFLAGS_DEFAULT=''
LDFLAGS_OPTIMIZE=''
LD_LIBRARY_PATH_VAR='LD_LIBRARY_PATH'
LIBOBJS=''
LIBS=''
LTLIBOBJS=''
MAKE_LIB='${SHLIB_LD} ${LDFLAGS} ${LDFLAGS_DEFAULT} -o $@ $(PKG_OBJECTS) ${SHLIB_LD_LIBS} '
MAKE_SHARED_LIB='${SHLIB_LD} ${LDFLAGS} ${LDFLAGS_DEFAULT} -o $@ $(PKG_OBJECTS) ${SHLIB_LD_LIBS}'
MAKE_STATIC_LIB='${STLIB_LD} $@ $(PKG_OBJECTS)'
MAKE_STUB_LIB='${STLIB_LD} $@ $(PKG_STUB_OBJECTS)'
OBJEXT='o'
PACKAGE_BUGREPORT=''
PACKAGE_NAME='thread'
PACKAGE_STRING='thread 2.8.8'
PACKAGE_TARNAME='thread'
PACKAGE_URL=''
PACKAGE_VERSION='2.8.8'
PATH_SEPARATOR=':'
PKG_CFLAGS='  '
PKG_HEADERS=' generic/tclThread.h'
PKG_INCLUDES=''
PKG_LIBS=''
PKG_LIB_FILE8='libthread2.8.8.so'
PKG_LIB_FILE9='libtcl9thread2.8.8.so'
PKG_LIB_FILE='libthread2.8.8.so'
PKG_OBJECTS=' threadNs.o threadCmd.o threadSvCmd.o threadSpCmd.o threadPoolCmd.o psGdbm.o psLmdb.o threadSvListCmd.o threadSvKeylistCmd.o tclXkeylist.o threadUnix.o'
PKG_SOURCES=' generic/threadNs.c generic/threadCmd.c generic/threadSvCmd.c generic/threadSpCmd.c generic/threadPoolCmd.c generic/psGdbm.c generic/psLmdb.c generic/threadSvListCmd.c generic/threadSvKeylistCmd.c generic/tclXkeylist.c unix/threadUnix.c'
PKG_STUB_LIB_FILE='libthreadstub2.8.8.a'
PKG_STUB_OBJECTS=''
PKG_STUB_SOURCES=''
PKG_TCL_SOURCES=' lib/ttrace.tcl'
RANLIB=':'
RANLIB_STUB='ranlib'
RC=''
SET_MAKE=''
SHARED_BUILD='1'
SHELL='/bin/bash'
SHLIB_CFLAGS='-fPIC'
SHLIB_LD='${CC} ${CFLAGS} ${LDFLAGS_DEFAULT} -shared'
SHLIB_LD_LIBS='${LIBS} -L/home/karel/.tcl8.6.13/unix -ltclstub8.6'
STLIB_LD='${AR} cr'
STUBS_BUILD='1'
TCLSH_PROG='/home/karel/.tcl8.6.13/unix/tclsh'
TCL_BIN_DIR='/home/karel/.tcl8.6.13/unix'
TCL_DEFS='-DPACKAGE_NAME=\"tcl\" -DPACKAGE_TARNAME=\"tcl\" -DPACKAGE_VERSION=\"8.6\" -DPACKAGE_STRING=\"tcl\ 8.6\" -DPACKAGE_BUGREPORT=\"\" -DSTDC_HEADERS=1 -DHAVE_SYS_TYPES_H=1 -DHAVE_SYS_STAT_H=1 -DHAVE_STDLIB_H=1 -DHAVE_STRING_H=1 -DHAVE_MEMORY_H=1 -DHAVE_STRINGS_H=1 -DHAVE_INTTYPES_H=1 -DHAVE_STDINT_H=1 -DHAVE_UNISTD_H=1 -DHAVE_SYS_PARAM_H=1 -DUSE_THREAD_ALLOC=1 -D_REENTRANT=1 -D_THREAD_SAFE=1 -DHAVE_PTHREAD_ATTR_SETSTACKSIZE=1 -DHAVE_PTHREAD_ATFORK=1 -DTCL_THREADS=1 -DTCL_CFGVAL_ENCODING=\"iso8859-1\" -DHAVE_ZLIB=1 -DMODULE_SCOPE=extern\ __attribute__\(\(__visibility__\(\"hidden\"\)\)\) -DHAVE_HIDDEN=1 -DHAVE_CAST_TO_UNION=1 -DTCL_SHLIB_EXT=\".so\" -DNDEBUG=1 -DTCL_CFG_OPTIMIZED=1 -DTCL_TOMMATH=1 -DMP_PREC=4 -D_LARGEFILE64_SOURCE=1 -DTCL_WIDE_INT_IS_LONG=1 -DHAVE_GETCWD=1 -DHAVE_MKSTEMP=1 -DHAVE_OPENDIR=1 -DHAVE_STRTOL=1 -DHAVE_WAITPID=1 -DHAVE_GETNAMEINFO=1 -DHAVE_GETADDRINFO=1 -DHAVE_FREEADDRINFO=1 -DHAVE_GAI_STRERROR=1 -DHAVE_STRUCT_ADDRINFO=1 -DHAVE_STRUCT_IN6_ADDR=1 -DHAVE_STRUCT_SOCKADDR_IN6=1 -DHAVE_STRUCT_SOCKADDR_STORAGE=1 -DHAVE_GETPWUID_R_5=1 -DHAVE_GETPWUID_R=1 -DHAVE_GETPWNAM_R_5=1 -DHAVE_GETPWNAM_R=1 -DHAVE_GETGRGID_R_5=1 -DHAVE_GETGRGID_R=1 -DHAVE_GETGRNAM_R_5=1 -DHAVE_GETGRNAM_R=1 -DHAVE_DECL_GETHOSTBYNAME_R=1 -DHAVE_GETHOSTBYNAME_R_6=1 -DHAVE_GETHOSTBYNAME_R=1 -DHAVE_DECL_GETHOSTBYADDR_R=1 -DHAVE_GETHOSTBYADDR_R_8=1 -DHAVE_GETHOSTBYADDR_R=1 -DHAVE_TERMIOS_H=1 -DHAVE_SYS_IOCTL_H=1 -DHAVE_SYS_TIME_H=1 -DTIME_WITH_SYS_TIME=1 -DHAVE_GMTIME_R=1 -DHAVE_LOCALTIME_R=1 -DHAVE_MKTIME=1 -DHAVE_TM_GMTOFF=1 -DHAVE_TIMEZONE_VAR=1 -DHAVE_STRUCT_STAT_ST_BLOCKS=1 -DHAVE_STRUCT_STAT_ST_BLKSIZE=1 -DHAVE_BLKCNT_T=1 -DHAVE_INTPTR_T=1 -DHAVE_UINTPTR_T=1 -DNO_UNION_WAIT=1 -DHAVE_SIGNED_CHAR=1 -DHAVE_LANGINFO=1 -DHAVE_MKSTEMPS=1 -DHAVE_FTS=1 -DHAVE_SYS_IOCTL_H=1 -DTCL_UNLOAD_DLLS=1 -DHAVE_CPUID=1 '
TCL_EXTRA_CFLAGS=' -pipe '
TCL_INCLUDES='-I"/home/karel/.tcl8.6.13/generic"'
TCL_LD_FLAGS=' -Wl,--export-dynamic '
TCL_LIBS='-ldl -lz  -lpthread -lm'
TCL_LIB_FILE='libtcl8.6.so'
TCL_LIB_FLAG='-ltcl8.6'
TCL_LIB_SPEC='-L/home/karel/.tcl8.6.13/unix -ltcl8.6'
TCL_PATCH_LEVEL='.13'
TCL_SHLIB_LD_LIBS='${LIBS}'
TCL_SRC_DIR='/home/karel/.tcl8.6.13'
TCL_STUB_LIB_FILE='libtclstub8.6.a'
TCL_STUB_LIB_FLAG='-ltclstub8.6'
TCL_STUB_LIB_SPEC='-L/home/karel/.tcl8.6.13/unix -ltclstub8.6'
TCL_THREADS='1'
TCL_VERSION='8.6'
VC_MANIFEST_EMBED_DLL=''
VC_MANIFEST_EMBED_EXE=''
ac_ct_CC='gcc'
bindir='${exec_prefix}/bin'
build_alias=''
datadir='${datarootdir}'
datarootdir='${prefix}/share'
docdir='${datarootdir}/doc/${PACKAGE_TARNAME}'
dvidir='${docdir}'
exec_prefix='/home/karel/.local_tcltk'
host_alias=''
htmldir='${docdir}'
includedir='${prefix}/include'
infodir='${datarootdir}/info'
libdir='/home/karel/.local_tcltk/lib'
libexecdir='${exec_prefix}/libexec'
localedir='${datarootdir}/locale'
localstatedir='${prefix}/var'
mandir='${datarootdir}/man'
oldincludedir='/usr/include'
pdfdir='${docdir}'
prefix='/home/karel/.local_tcltk'
program_transform_name='s,x,x,'
psdir='${docdir}'
runstatedir='${localstatedir}/run'
sbindir='${exec_prefix}/sbin'
sharedstatedir='${prefix}/com'
sysconfdir='${prefix}/etc'
target_alias=''

## ----------- ##
## confdefs.h. ##
## ----------- ##

/* confdefs.h */
#define PACKAGE_NAME "thread"
#define PACKAGE_TARNAME "thread"
#define PACKAGE_VERSION "2.8.8"
#define PACKAGE_STRING "thread 2.8.8"
#define PACKAGE_BUGREPORT ""
#define PACKAGE_URL ""
#define BUILD_thread /**/
#define HAVE_STDIO_H 1
#define HAVE_STDLIB_H 1
#define HAVE_STRING_H 1
#define HAVE_INTTYPES_H 1
#define HAVE_STDINT_H 1
#define HAVE_STRINGS_H 1
#define HAVE_SYS_STAT_H 1
#define HAVE_SYS_TYPES_H 1
#define HAVE_UNISTD_H 1
#define STDC_HEADERS 1
#define USE_THREAD_ALLOC 1
#define _REENTRANT 1
#define _THREAD_SAFE 1
#define TCL_THREADS 1
#define USE_TCL_STUBS 1
#define USE_TCLOO_STUBS 1
#define MODULE_SCOPE extern __attribute__((__visibility__("hidden")))
#define HAVE_HIDDEN 1
#define HAVE_CAST_TO_UNION 1
#define HAVE_STDBOOL_H 1
#define _LARGEFILE64_SOURCE 1
#define TCL_WIDE_INT_IS_LONG 1
#define TCL_CFG_OPTIMIZED 1
#define USE_TCL_STUBS 1
#define TCL_TIP143 1
#define TCL_TIP285 1
#define TCL_MAJOR_VERSION 8

configure: exit 0
