This file contains any messages produced by compilers while
running configure, to aid debugging if configure makes a mistake.

It was created by tdbcsqlite3 configure 1.1.5, which was
generated by GNU Autoconf 2.71.  Invocation command line was

  $ /home/karel/.tcl8.6.13/pkgs/tdbcsqlite3-1.1.5/configure --with-tcl=../.. --with-tclinclude=/home/karel/.tcl8.6.13/generic --prefix=/home/karel/.local_tcltk --libdir=/home/karel/.local_tcltk/lib --enable-shared --enable-threads

## --------- ##
## Platform. ##
## --------- ##

hostname = 5decbd7a92aa
uname -m = x86_64
uname -r = 4.4.0-1101-aws
uname -s = Linux
uname -v = #112-Ubuntu SMP Thu Jan 9 11:27:02 UTC 2020

/usr/bin/uname -p = x86_64
/bin/uname -X     = unknown

/bin/arch              = x86_64
/usr/bin/arch -k       = unknown
/usr/convex/getsysinfo = unknown
/usr/bin/hostinfo      = unknown
/bin/machine           = unknown
/usr/bin/oslevel       = unknown
/bin/universe          = unknown

PATH: /home/karel/.pyvenv311/bin/
PATH: /home/karel/.pyenv/shims/
PATH: /home/karel/.pyenv/bin/
PATH: /home/karel/.jenv/shims/
PATH: /home/karel/.dotnet/
PATH: /usr/local/jenv/bin/
PATH: /usr/bin/python3.11/
PATH: /usr/local/sbin/
PATH: /usr/local/bin/
PATH: /usr/sbin/
PATH: /usr/bin/
PATH: /sbin/
PATH: /bin/


## ----------- ##
## Core tests. ##
## ----------- ##

configure:2372: checking TEA configuration
configure:2378: result: ok (TEA 3.13)
configure:2464: configuring tdbcsqlite3 1.1.5
configure:2496: checking system version
configure:2523: result: Linux-4.4.0-1101-aws
configure:2572: checking for Tcl configuration
configure:2705: result: found /home/karel/.tcl8.6.13/unix/tclConfig.sh
configure:2772: checking for gcc
configure:2793: found /usr/bin/gcc
configure:2804: result: gcc
configure:3157: checking for C compiler version
configure:3166: gcc --version >&5
gcc (Ubuntu 11.4.0-1ubuntu1~22.04) 11.4.0
Copyright (C) 2021 Free Software Foundation, Inc.
This is free software; see the source for copying conditions.  There is NO
warranty; not even for MERCHANTABILITY or FITNESS FOR A PARTICULAR PURPOSE.

configure:3177: $? = 0
configure:3166: gcc -v >&5
Using built-in specs.
COLLECT_GCC=gcc
COLLECT_LTO_WRAPPER=/usr/lib/gcc/x86_64-linux-gnu/11/lto-wrapper
OFFLOAD_TARGET_NAMES=nvptx-none:amdgcn-amdhsa
OFFLOAD_TARGET_DEFAULT=1
Target: x86_64-linux-gnu
Configured with: ../src/configure -v --with-pkgversion='Ubuntu 11.4.0-1ubuntu1~22.04' --with-bugurl=file:///usr/share/doc/gcc-11/README.Bugs --enable-languages=c,ada,c++,go,brig,d,fortran,objc,obj-c++,m2 --prefix=/usr --with-gcc-major-version-only --program-suffix=-11 --program-prefix=x86_64-linux-gnu- --enable-shared --enable-linker-build-id --libexecdir=/usr/lib --without-included-gettext --enable-threads=posix --libdir=/usr/lib --enable-nls --enable-bootstrap --enable-clocale=gnu --enable-libstdcxx-debug --enable-libstdcxx-time=yes --with-default-libstdcxx-abi=new --enable-gnu-unique-object --disable-vtable-verify --enable-plugin --enable-default-pie --with-system-zlib --enable-libphobos-checking=release --with-target-system-zlib=auto --enable-objc-gc=auto --enable-multiarch --disable-werror --enable-cet --with-arch-32=i686 --with-abi=m64 --with-multilib-list=m32,m64,mx32 --enable-multilib --with-tune=generic --enable-offload-targets=nvptx-none=/build/gcc-11-XeT9lY/gcc-11-11.4.0/debian/tmp-nvptx/usr,amdgcn-amdhsa=/build/gcc-11-XeT9lY/gcc-11-11.4.0/debian/tmp-gcn/usr --without-cuda-driver --enable-checking=release --build=x86_64-linux-gnu --host=x86_64-linux-gnu --target=x86_64-linux-gnu --with-build-config=bootstrap-lto-lean --enable-link-serialization=2
Thread model: posix
Supported LTO compression algorithms: zlib zstd
gcc version 11.4.0 (Ubuntu 11.4.0-1ubuntu1~22.04) 
... rest of stderr output deleted ...
configure:3177: $? = 0
configure:3166: gcc -V >&5
gcc: error: unrecognized command-line option '-V'
gcc: fatal error: no input files
compilation terminated.
configure:3177: $? = 1
configure:3166: gcc -qversion >&5
gcc: error: unrecognized command-line option '-qversion'; did you mean '--version'?
gcc: fatal error: no input files
compilation terminated.
configure:3177: $? = 1
configure:3166: gcc -version >&5
gcc: error: unrecognized command-line option '-version'
gcc: fatal error: no input files
compilation terminated.
configure:3177: $? = 1
configure:3197: checking whether the C compiler works
configure:3219: gcc    conftest.c  >&5
configure:3223: $? = 0
configure:3273: result: yes
configure:3276: checking for C compiler default output file name
configure:3278: result: a.out
configure:3284: checking for suffix of executables
configure:3291: gcc -o conftest    conftest.c  >&5
configure:3295: $? = 0
configure:3318: result: 
configure:3340: checking whether we are cross compiling
configure:3348: gcc -o conftest    conftest.c  >&5
configure:3352: $? = 0
configure:3359: ./conftest
configure:3363: $? = 0
configure:3378: result: no
configure:3383: checking for suffix of object files
configure:3406: gcc -c   conftest.c >&5
configure:3410: $? = 0
configure:3432: result: o
configure:3436: checking whether the compiler supports GNU C
configure:3456: gcc -c   conftest.c >&5
configure:3456: $? = 0
configure:3466: result: yes
configure:3477: checking whether gcc accepts -g
configure:3498: gcc -c -g  conftest.c >&5
configure:3498: $? = 0
configure:3542: result: yes
configure:3562: checking for gcc option to enable C11 features
configure:3577: gcc  -c   conftest.c >&5
configure:3577: $? = 0
configure:3595: result: none needed
configure:3707: checking for existence of /home/karel/.tcl8.6.13/unix/tclConfig.sh
configure:3711: result: loading
configure:3765: checking platform
configure:3783: gcc -c   conftest.c >&5
configure:3783: $? = 0
configure:3840: result: unix
configure:3891: checking for tdbc configuration
configure:3980: result: found /home/karel/.tcl8.6.13/unix/pkgs/tdbc1.1.5/tdbcConfig.sh
configure:3986: checking for existence of /home/karel/.tcl8.6.13/unix/pkgs/tdbc1.1.5/tdbcConfig.sh
configure:3990: result: loading
configure:4008: WARNING: Found Makefile - using build library specs for tdbc
configure:4081: checking For tdbc_STUB library for LIBS
configure:4114: result: using tdbc_STUB_LIB_SPEC -L/home/karel/.tcl8.6.13/unix/pkgs/tdbc1.1.5 -ltdbcstub1.1.5
configure:4127: WARNING: Looking for "/home/karel/.tcl8.6.13/unix/pkgs/tdbc1.1.5/Makefile"
configure:4130: WARNING: Found Makefile - using build include spec and lib specs for tdbc
configure:4161: --exec-prefix defaulting to TCL_EXEC_PREFIX /home/karel/.local_tcltk
configure:4294: checking for pthread_mutex_init in -lpthread
configure:4317: gcc -o conftest    conftest.c -lpthread   >&5
configure:4317: $? = 0
configure:4327: result: yes
configure:4537: checking for building with threads
configure:4543: result: yes (default)
configure:4633: checking for ranlib
configure:4654: found /usr/bin/ranlib
configure:4665: result: ranlib
configure:4691: checking for stdio.h
configure:4691: gcc -c   conftest.c >&5
configure:4691: $? = 0
configure:4691: result: yes
configure:4691: checking for stdlib.h
configure:4691: gcc -c   conftest.c >&5
configure:4691: $? = 0
configure:4691: result: yes
configure:4691: checking for string.h
configure:4691: gcc -c   conftest.c >&5
configure:4691: $? = 0
configure:4691: result: yes
configure:4691: checking for inttypes.h
configure:4691: gcc -c   conftest.c >&5
configure:4691: $? = 0
configure:4691: result: yes
configure:4691: checking for stdint.h
configure:4691: gcc -c   conftest.c >&5
configure:4691: $? = 0
configure:4691: result: yes
configure:4691: checking for strings.h
configure:4691: gcc -c   conftest.c >&5
configure:4691: $? = 0
configure:4691: result: yes
configure:4691: checking for sys/stat.h
configure:4691: gcc -c   conftest.c >&5
configure:4691: $? = 0
configure:4691: result: yes
configure:4691: checking for sys/types.h
configure:4691: gcc -c   conftest.c >&5
configure:4691: $? = 0
configure:4691: result: yes
configure:4691: checking for unistd.h
configure:4691: gcc -c   conftest.c >&5
configure:4691: $? = 0
configure:4691: result: yes
configure:4721: checking if 64bit support is requested
configure:4731: result: no
configure:4736: checking if 64bit Sparc VIS support is requested
configure:4746: result: no
configure:4757: checking if compiler supports visibility "hidden"
configure:4778: gcc -o conftest  -Werror   conftest.c  >&5
configure:4778: $? = 0
configure:4788: result: yes
configure:4804: checking if rpath support is requested
configure:4814: result: yes
configure:4821: checking system version
configure:4848: result: Linux-4.4.0-1101-aws
configure:4934: checking for ar
configure:4955: found /usr/bin/ar
configure:4966: result: ar
configure:6739: checking for cast to union support
configure:6759: gcc -c   conftest.c >&5
configure:6759: $? = 0
configure:6768: result: yes
configure:6776: checking for stdbool.h
configure:6776: gcc -c   conftest.c >&5
configure:6776: $? = 0
configure:6776: result: yes
configure:6802: checking for required early compiler flags
configure:6821: gcc -c   conftest.c >&5
configure:6821: $? = 0
configure:6871: gcc -c   conftest.c >&5
conftest.c: In function 'main':
conftest.c:32:15: error: storage size of 'buf' isn't known
   32 | struct stat64 buf; int i = stat64("/", &buf);
      |               ^~~
conftest.c:32:28: warning: implicit declaration of function 'stat64'; did you mean 'stat'? [-Wimplicit-function-declaration]
   32 | struct stat64 buf; int i = stat64("/", &buf);
      |                            ^~~~~~
      |                            stat
configure:6871: $? = 1
configure: failed program was:
| /* confdefs.h */
| #define PACKAGE_NAME "tdbcsqlite3"
| #define PACKAGE_TARNAME "tdbcsqlite3"
| #define PACKAGE_VERSION "1.1.5"
| #define PACKAGE_STRING "tdbcsqlite3 1.1.5"
| #define PACKAGE_BUGREPORT ""
| #define PACKAGE_URL ""
| #define BUILD_tdbcsqlite3 /**/
| #define USE_THREAD_ALLOC 1
| #define _REENTRANT 1
| #define _THREAD_SAFE 1
| #define TCL_THREADS 1
| #define HAVE_STDIO_H 1
| #define HAVE_STDLIB_H 1
| #define HAVE_STRING_H 1
| #define HAVE_INTTYPES_H 1
| #define HAVE_STDINT_H 1
| #define HAVE_STRINGS_H 1
| #define HAVE_SYS_STAT_H 1
| #define HAVE_SYS_TYPES_H 1
| #define HAVE_UNISTD_H 1
| #define STDC_HEADERS 1
| #define MODULE_SCOPE extern __attribute__((__visibility__("hidden")))
| #define HAVE_HIDDEN 1
| #define HAVE_CAST_TO_UNION 1
| #define HAVE_STDBOOL_H 1
| /* end confdefs.h.  */
| #include <sys/stat.h>
| int
| main (void)
| {
| struct stat64 buf; int i = stat64("/", &buf);
|   ;
|   return 0;
| }
configure:6887: gcc -c   conftest.c >&5
configure:6887: $? = 0
configure:6921: gcc -c   conftest.c >&5
conftest.c: In function 'main':
conftest.c:33:19: error: 'open64' undeclared (first use in this function)
   33 | char *p = (char *)open64;
      |                   ^~~~~~
conftest.c:33:19: note: each undeclared identifier is reported only once for each function it appears in
configure:6921: $? = 1
configure: failed program was:
| /* confdefs.h */
| #define PACKAGE_NAME "tdbcsqlite3"
| #define PACKAGE_TARNAME "tdbcsqlite3"
| #define PACKAGE_VERSION "1.1.5"
| #define PACKAGE_STRING "tdbcsqlite3 1.1.5"
| #define PACKAGE_BUGREPORT ""
| #define PACKAGE_URL ""
| #define BUILD_tdbcsqlite3 /**/
| #define USE_THREAD_ALLOC 1
| #define _REENTRANT 1
| #define _THREAD_SAFE 1
| #define TCL_THREADS 1
| #define HAVE_STDIO_H 1
| #define HAVE_STDLIB_H 1
| #define HAVE_STRING_H 1
| #define HAVE_INTTYPES_H 1
| #define HAVE_STDINT_H 1
| #define HAVE_STRINGS_H 1
| #define HAVE_SYS_STAT_H 1
| #define HAVE_SYS_TYPES_H 1
| #define HAVE_UNISTD_H 1
| #define STDC_HEADERS 1
| #define MODULE_SCOPE extern __attribute__((__visibility__("hidden")))
| #define HAVE_HIDDEN 1
| #define HAVE_CAST_TO_UNION 1
| #define HAVE_STDBOOL_H 1
| #define _LARGEFILE64_SOURCE 1
| /* end confdefs.h.  */
| #include <sys/stat.h>
| int
| main (void)
| {
| char *p = (char *)open64;
|   ;
|   return 0;
| }
configure:6937: gcc -c   conftest.c >&5
conftest.c: In function 'main':
conftest.c:34:19: error: 'open64' undeclared (first use in this function)
   34 | char *p = (char *)open64;
      |                   ^~~~~~
conftest.c:34:19: note: each undeclared identifier is reported only once for each function it appears in
configure:6937: $? = 1
configure: failed program was:
| /* confdefs.h */
| #define PACKAGE_NAME "tdbcsqlite3"
| #define PACKAGE_TARNAME "tdbcsqlite3"
| #define PACKAGE_VERSION "1.1.5"
| #define PACKAGE_STRING "tdbcsqlite3 1.1.5"
| #define PACKAGE_BUGREPORT ""
| #define PACKAGE_URL ""
| #define BUILD_tdbcsqlite3 /**/
| #define USE_THREAD_ALLOC 1
| #define _REENTRANT 1
| #define _THREAD_SAFE 1
| #define TCL_THREADS 1
| #define HAVE_STDIO_H 1
| #define HAVE_STDLIB_H 1
| #define HAVE_STRING_H 1
| #define HAVE_INTTYPES_H 1
| #define HAVE_STDINT_H 1
| #define HAVE_STRINGS_H 1
| #define HAVE_SYS_STAT_H 1
| #define HAVE_SYS_TYPES_H 1
| #define HAVE_UNISTD_H 1
| #define STDC_HEADERS 1
| #define MODULE_SCOPE extern __attribute__((__visibility__("hidden")))
| #define HAVE_HIDDEN 1
| #define HAVE_CAST_TO_UNION 1
| #define HAVE_STDBOOL_H 1
| #define _LARGEFILE64_SOURCE 1
| /* end confdefs.h.  */
| #define _LARGEFILE_SOURCE64 1
| #include <sys/stat.h>
| int
| main (void)
| {
| char *p = (char *)open64;
|   ;
|   return 0;
| }
configure:6959: result:  _LARGEFILE64_SOURCE
configure:6964: checking for 64-bit integer type
configure:6984: gcc -c   conftest.c >&5
conftest.c: In function 'main':
conftest.c:33:1: error: unknown type name '__int64'
   33 | __int64 value = (__int64) 0;
      | ^~~~~~~
conftest.c:33:18: error: '__int64' undeclared (first use in this function)
   33 | __int64 value = (__int64) 0;
      |                  ^~~~~~~
conftest.c:33:18: note: each undeclared identifier is reported only once for each function it appears in
conftest.c:33:27: error: expected ',' or ';' before numeric constant
   33 | __int64 value = (__int64) 0;
      |                           ^
configure:6984: $? = 1
configure: failed program was:
| /* confdefs.h */
| #define PACKAGE_NAME "tdbcsqlite3"
| #define PACKAGE_TARNAME "tdbcsqlite3"
| #define PACKAGE_VERSION "1.1.5"
| #define PACKAGE_STRING "tdbcsqlite3 1.1.5"
| #define PACKAGE_BUGREPORT ""
| #define PACKAGE_URL ""
| #define BUILD_tdbcsqlite3 /**/
| #define USE_THREAD_ALLOC 1
| #define _REENTRANT 1
| #define _THREAD_SAFE 1
| #define TCL_THREADS 1
| #define HAVE_STDIO_H 1
| #define HAVE_STDLIB_H 1
| #define HAVE_STRING_H 1
| #define HAVE_INTTYPES_H 1
| #define HAVE_STDINT_H 1
| #define HAVE_STRINGS_H 1
| #define HAVE_SYS_STAT_H 1
| #define HAVE_SYS_TYPES_H 1
| #define HAVE_UNISTD_H 1
| #define STDC_HEADERS 1
| #define MODULE_SCOPE extern __attribute__((__visibility__("hidden")))
| #define HAVE_HIDDEN 1
| #define HAVE_CAST_TO_UNION 1
| #define HAVE_STDBOOL_H 1
| #define _LARGEFILE64_SOURCE 1
| /* end confdefs.h.  */
| 
| int
| main (void)
| {
| __int64 value = (__int64) 0;
|   ;
|   return 0;
| }
configure:7007: gcc -c   conftest.c >&5
conftest.c: In function 'main':
conftest.c:34:21: error: duplicate case value
   34 |             case 1: case (sizeof(long long)==sizeof(long)): ;
      |                     ^~~~
conftest.c:34:13: note: previously used here
   34 |             case 1: case (sizeof(long long)==sizeof(long)): ;
      |             ^~~~
configure:7007: $? = 1
configure: failed program was:
| /* confdefs.h */
| #define PACKAGE_NAME "tdbcsqlite3"
| #define PACKAGE_TARNAME "tdbcsqlite3"
| #define PACKAGE_VERSION "1.1.5"
| #define PACKAGE_STRING "tdbcsqlite3 1.1.5"
| #define PACKAGE_BUGREPORT ""
| #define PACKAGE_URL ""
| #define BUILD_tdbcsqlite3 /**/
| #define USE_THREAD_ALLOC 1
| #define _REENTRANT 1
| #define _THREAD_SAFE 1
| #define TCL_THREADS 1
| #define HAVE_STDIO_H 1
| #define HAVE_STDLIB_H 1
| #define HAVE_STRING_H 1
| #define HAVE_INTTYPES_H 1
| #define HAVE_STDINT_H 1
| #define HAVE_STRINGS_H 1
| #define HAVE_SYS_STAT_H 1
| #define HAVE_SYS_TYPES_H 1
| #define HAVE_UNISTD_H 1
| #define STDC_HEADERS 1
| #define MODULE_SCOPE extern __attribute__((__visibility__("hidden")))
| #define HAVE_HIDDEN 1
| #define HAVE_CAST_TO_UNION 1
| #define HAVE_STDBOOL_H 1
| #define _LARGEFILE64_SOURCE 1
| /* end confdefs.h.  */
| 
| int
| main (void)
| {
| switch (0) {
|             case 1: case (sizeof(long long)==sizeof(long)): ;
|         }
|   ;
|   return 0;
| }
configure:7018: result: yes
configure:7198: checking for build with symbols
configure:7211: result: no
configure:7261: checking for tclsh
configure:7296: result: /home/karel/.tcl8.6.13/unix/tclsh
configure:7461: creating ./config.status

## ---------------------- ##
## Running config.status. ##
## ---------------------- ##

This file was extended by tdbcsqlite3 config.status 1.1.5, which was
generated by GNU Autoconf 2.71.  Invocation command line was

  CONFIG_FILES    = 
  CONFIG_HEADERS  = 
  CONFIG_LINKS    = 
  CONFIG_COMMANDS = 
  $ ./config.status 

on 5decbd7a92aa

config.status:793: creating Makefile
config.status:793: creating pkgIndex.tcl
configure:8458: WARNING: unrecognized options: --with-tclinclude, --enable-shared

## ---------------- ##
## Cache variables. ##
## ---------------- ##

ac_cv_c_compiler_gnu=yes
ac_cv_c_tclconfig=/home/karel/.tcl8.6.13/unix
ac_cv_c_tdbcconfig=/home/karel/.tcl8.6.13/unix/pkgs/tdbc1.1.5
ac_cv_env_CC_set=
ac_cv_env_CC_value=
ac_cv_env_CFLAGS_set=
ac_cv_env_CFLAGS_value=
ac_cv_env_CPPFLAGS_set=
ac_cv_env_CPPFLAGS_value=
ac_cv_env_LDFLAGS_set=
ac_cv_env_LDFLAGS_value=
ac_cv_env_LIBS_set=
ac_cv_env_LIBS_value=
ac_cv_env_build_alias_set=
ac_cv_env_build_alias_value=
ac_cv_env_host_alias_set=
ac_cv_env_host_alias_value=
ac_cv_env_target_alias_set=
ac_cv_env_target_alias_value=
ac_cv_header_inttypes_h=yes
ac_cv_header_stdbool_h=yes
ac_cv_header_stdint_h=yes
ac_cv_header_stdio_h=yes
ac_cv_header_stdlib_h=yes
ac_cv_header_string_h=yes
ac_cv_header_strings_h=yes
ac_cv_header_sys_stat_h=yes
ac_cv_header_sys_types_h=yes
ac_cv_header_unistd_h=yes
ac_cv_lib_pthread_pthread_mutex_init=yes
ac_cv_objext=o
ac_cv_prog_ac_ct_AR=ar
ac_cv_prog_ac_ct_CC=gcc
ac_cv_prog_ac_ct_RANLIB=ranlib
ac_cv_prog_cc_c11=
ac_cv_prog_cc_g=yes
ac_cv_prog_cc_stdc=
tcl_cv_cast_to_union=yes
tcl_cv_cc_visibility_hidden=yes
tcl_cv_flag__isoc99_source=no
tcl_cv_flag__largefile64_source=yes
tcl_cv_flag__largefile_source64=no
tcl_cv_sys_version=Linux-4.4.0-1101-aws
tcl_cv_type_64bit=none

## ----------------- ##
## Output variables. ##
## ----------------- ##

AR='ar'
CC='gcc'
CFLAGS=' '
CFLAGS_DEBUG='-g'
CFLAGS_DEFAULT='-O2 -fomit-frame-pointer -DNDEBUG'
CFLAGS_OPTIMIZE='-O2 -fomit-frame-pointer'
CFLAGS_WARNING='-Wall'
CLEANFILES=''
CPPFLAGS=''
CYGPATH='echo'
DEFS='-DPACKAGE_NAME=\"tdbcsqlite3\" -DPACKAGE_TARNAME=\"tdbcsqlite3\" -DPACKAGE_VERSION=\"1.1.5\" -DPACKAGE_STRING=\"tdbcsqlite3\ 1.1.5\" -DPACKAGE_BUGREPORT=\"\" -DPACKAGE_URL=\"\" -DBUILD_tdbcsqlite3=/\*\*/ -DUSE_THREAD_ALLOC=1 -D_REENTRANT=1 -D_THREAD_SAFE=1 -DTCL_THREADS=1 -DHAVE_STDIO_H=1 -DHAVE_STDLIB_H=1 -DHAVE_STRING_H=1 -DHAVE_INTTYPES_H=1 -DHAVE_STDINT_H=1 -DHAVE_STRINGS_H=1 -DHAVE_SYS_STAT_H=1 -DHAVE_SYS_TYPES_H=1 -DHAVE_UNISTD_H=1 -DSTDC_HEADERS=1 -DMODULE_SCOPE=extern\ __attribute__\(\(__visibility__\(\"hidden\"\)\)\) -DHAVE_HIDDEN=1 -DHAVE_CAST_TO_UNION=1 -DHAVE_STDBOOL_H=1 -D_LARGEFILE64_SOURCE=1 -DTCL_WIDE_INT_IS_LONG=1 -DTCL_CFG_OPTIMIZED=1'
ECHO_C=''
ECHO_N='-n'
ECHO_T=''
EXEEXT=''
INSTALL='$(SHELL) $(srcdir)/tclconfig/install-sh -c'
INSTALL_DATA='${INSTALL} -m 644'
INSTALL_DATA_DIR='${INSTALL} -d -m 755'
INSTALL_LIBRARY='${INSTALL} -m 644'
INSTALL_PROGRAM='${INSTALL} -m 755'
INSTALL_SCRIPT='${INSTALL} -m 755'
LDFLAGS=' -Wl,--export-dynamic '
LDFLAGS_DEBUG=''
LDFLAGS_DEFAULT=''
LDFLAGS_OPTIMIZE=''
LD_LIBRARY_PATH_VAR='LD_LIBRARY_PATH'
LIBOBJS=''
LIBS=''
LTLIBOBJS=''
OBJEXT='o'
PACKAGE_BUGREPORT=''
PACKAGE_NAME='tdbcsqlite3'
PACKAGE_STRING='tdbcsqlite3 1.1.5'
PACKAGE_TARNAME='tdbcsqlite3'
PACKAGE_URL=''
PACKAGE_VERSION='1.1.5'
PATH_SEPARATOR=':'
PKG_CFLAGS=''
PKG_HEADERS=''
PKG_INCLUDES=''
PKG_LIBS=' -L/home/karel/.tcl8.6.13/unix/pkgs/tdbc1.1.5 -ltdbcstub1.1.5'
PKG_LIB_FILE8=''
PKG_LIB_FILE9=''
PKG_LIB_FILE=''
PKG_STUB_LIB_FILE=''
PKG_STUB_OBJECTS=''
PKG_STUB_SOURCES=''
PKG_TCL_SOURCES=' library/tdbcsqlite3.tcl'
RANLIB='ranlib'
RC=''
SHELL='/bin/bash'
SHLIB_CFLAGS='-fPIC'
SHLIB_LD='${CC} ${CFLAGS} ${LDFLAGS_DEFAULT} -shared'
SHLIB_LD_LIBS='${LIBS}'
STLIB_LD='${AR} cr'
TCLSH_PROG='/home/karel/.tcl8.6.13/unix/tclsh'
TCL_BIN_DIR='/home/karel/.tcl8.6.13/unix'
TCL_DEFS='-DPACKAGE_NAME=\"tcl\" -DPACKAGE_TARNAME=\"tcl\" -DPACKAGE_VERSION=\"8.6\" -DPACKAGE_STRING=\"tcl\ 8.6\" -DPACKAGE_BUGREPORT=\"\" -DSTDC_HEADERS=1 -DHAVE_SYS_TYPES_H=1 -DHAVE_SYS_STAT_H=1 -DHAVE_STDLIB_H=1 -DHAVE_STRING_H=1 -DHAVE_MEMORY_H=1 -DHAVE_STRINGS_H=1 -DHAVE_INTTYPES_H=1 -DHAVE_STDINT_H=1 -DHAVE_UNISTD_H=1 -DHAVE_SYS_PARAM_H=1 -DUSE_THREAD_ALLOC=1 -D_REENTRANT=1 -D_THREAD_SAFE=1 -DHAVE_PTHREAD_ATTR_SETSTACKSIZE=1 -DHAVE_PTHREAD_ATFORK=1 -DTCL_THREADS=1 -DTCL_CFGVAL_ENCODING=\"iso8859-1\" -DHAVE_ZLIB=1 -DMODULE_SCOPE=extern\ __attribute__\(\(__visibility__\(\"hidden\"\)\)\) -DHAVE_HIDDEN=1 -DHAVE_CAST_TO_UNION=1 -DTCL_SHLIB_EXT=\".so\" -DNDEBUG=1 -DTCL_CFG_OPTIMIZED=1 -DTCL_TOMMATH=1 -DMP_PREC=4 -D_LARGEFILE64_SOURCE=1 -DTCL_WIDE_INT_IS_LONG=1 -DHAVE_GETCWD=1 -DHAVE_MKSTEMP=1 -DHAVE_OPENDIR=1 -DHAVE_STRTOL=1 -DHAVE_WAITPID=1 -DHAVE_GETNAMEINFO=1 -DHAVE_GETADDRINFO=1 -DHAVE_FREEADDRINFO=1 -DHAVE_GAI_STRERROR=1 -DHAVE_STRUCT_ADDRINFO=1 -DHAVE_STRUCT_IN6_ADDR=1 -DHAVE_STRUCT_SOCKADDR_IN6=1 -DHAVE_STRUCT_SOCKADDR_STORAGE=1 -DHAVE_GETPWUID_R_5=1 -DHAVE_GETPWUID_R=1 -DHAVE_GETPWNAM_R_5=1 -DHAVE_GETPWNAM_R=1 -DHAVE_GETGRGID_R_5=1 -DHAVE_GETGRGID_R=1 -DHAVE_GETGRNAM_R_5=1 -DHAVE_GETGRNAM_R=1 -DHAVE_DECL_GETHOSTBYNAME_R=1 -DHAVE_GETHOSTBYNAME_R_6=1 -DHAVE_GETHOSTBYNAME_R=1 -DHAVE_DECL_GETHOSTBYADDR_R=1 -DHAVE_GETHOSTBYADDR_R_8=1 -DHAVE_GETHOSTBYADDR_R=1 -DHAVE_TERMIOS_H=1 -DHAVE_SYS_IOCTL_H=1 -DHAVE_SYS_TIME_H=1 -DTIME_WITH_SYS_TIME=1 -DHAVE_GMTIME_R=1 -DHAVE_LOCALTIME_R=1 -DHAVE_MKTIME=1 -DHAVE_TM_GMTOFF=1 -DHAVE_TIMEZONE_VAR=1 -DHAVE_STRUCT_STAT_ST_BLOCKS=1 -DHAVE_STRUCT_STAT_ST_BLKSIZE=1 -DHAVE_BLKCNT_T=1 -DHAVE_INTPTR_T=1 -DHAVE_UINTPTR_T=1 -DNO_UNION_WAIT=1 -DHAVE_SIGNED_CHAR=1 -DHAVE_LANGINFO=1 -DHAVE_MKSTEMPS=1 -DHAVE_FTS=1 -DHAVE_SYS_IOCTL_H=1 -DTCL_UNLOAD_DLLS=1 -DHAVE_CPUID=1 '
TCL_EXTRA_CFLAGS=' -pipe '
TCL_LD_FLAGS=' -Wl,--export-dynamic '
TCL_LIBS='-ldl -lz  -lpthread -lm'
TCL_LIB_FILE='libtcl8.6.so'
TCL_LIB_FLAG='-ltcl8.6'
TCL_LIB_SPEC='-L/home/karel/.tcl8.6.13/unix -ltcl8.6'
TCL_MAJOR_VERSION='8'
TCL_MINOR_VERSION='6'
TCL_PATCH_LEVEL='.13'
TCL_SHLIB_LD_LIBS='${LIBS}'
TCL_SRC_DIR='/home/karel/.tcl8.6.13'
TCL_STUB_LIB_FILE='libtclstub8.6.a'
TCL_STUB_LIB_FLAG='-ltclstub8.6'
TCL_STUB_LIB_SPEC='-L/home/karel/.tcl8.6.13/unix -ltclstub8.6'
TCL_THREADS='1'
TCL_VERSION='8.6'
TDBC_LIB_FILE='libtdbc1.1.5.so'
TDBC_VERSION='1.1.5'
ac_ct_CC='gcc'
bindir='${exec_prefix}/bin'
build_alias=''
datadir='${datarootdir}'
datarootdir='${prefix}/share'
docdir='${datarootdir}/doc/${PACKAGE_TARNAME}'
dvidir='${docdir}'
exec_prefix='/home/karel/.local_tcltk'
host_alias=''
htmldir='${docdir}'
includedir='${prefix}/include'
infodir='${datarootdir}/info'
libdir='/home/karel/.local_tcltk/lib'
libexecdir='${exec_prefix}/libexec'
localedir='${datarootdir}/locale'
localstatedir='${prefix}/var'
mandir='${datarootdir}/man'
oldincludedir='/usr/include'
pdfdir='${docdir}'
prefix='/home/karel/.local_tcltk'
program_transform_name='s,x,x,'
psdir='${docdir}'
runstatedir='${localstatedir}/run'
sbindir='${exec_prefix}/sbin'
sharedstatedir='${prefix}/com'
sysconfdir='${prefix}/etc'
target_alias=''
tdbc_BIN_DIR='/home/karel/.tcl8.6.13/unix/pkgs/tdbc1.1.5'
tdbc_LIBRARY_PATH='/home/karel/.tcl8.6.13/pkgs/tdbc1.1.5/library'
tdbc_LIB_FILE='libtdbc1.1.5.so'
tdbc_LIB_SPEC='-L/home/karel/.tcl8.6.13/unix/pkgs/tdbc1.1.5 -ltdbc1.1.5'
tdbc_SRC_DIR='/home/karel/.tcl8.6.13/pkgs/tdbc1.1.5'
tdbc_STUB_LIB_FILE='libtdbcstub1.1.5.a'
tdbc_STUB_LIB_PATH='/home/karel/.tcl8.6.13/unix/pkgs/tdbc1.1.5/libtdbcstub1.1.5.a'
tdbc_STUB_LIB_SPEC='-L/home/karel/.tcl8.6.13/unix/pkgs/tdbc1.1.5 -ltdbcstub1.1.5'
tdbc_VERSION='1.1.5'

## ----------- ##
## confdefs.h. ##
## ----------- ##

/* confdefs.h */
#define PACKAGE_NAME "tdbcsqlite3"
#define PACKAGE_TARNAME "tdbcsqlite3"
#define PACKAGE_VERSION "1.1.5"
#define PACKAGE_STRING "tdbcsqlite3 1.1.5"
#define PACKAGE_BUGREPORT ""
#define PACKAGE_URL ""
#define BUILD_tdbcsqlite3 /**/
#define USE_THREAD_ALLOC 1
#define _REENTRANT 1
#define _THREAD_SAFE 1
#define TCL_THREADS 1
#define HAVE_STDIO_H 1
#define HAVE_STDLIB_H 1
#define HAVE_STRING_H 1
#define HAVE_INTTYPES_H 1
#define HAVE_STDINT_H 1
#define HAVE_STRINGS_H 1
#define HAVE_SYS_STAT_H 1
#define HAVE_SYS_TYPES_H 1
#define HAVE_UNISTD_H 1
#define STDC_HEADERS 1
#define MODULE_SCOPE extern __attribute__((__visibility__("hidden")))
#define HAVE_HIDDEN 1
#define HAVE_CAST_TO_UNION 1
#define HAVE_STDBOOL_H 1
#define _LARGEFILE64_SOURCE 1
#define TCL_WIDE_INT_IS_LONG 1
#define TCL_CFG_OPTIMIZED 1

configure: exit 0
